#
# A fatal error has been detected by the Java Runtime Environment:
#
#  SIGFPE (0x8) at pc=0x000000011383c148, pid=7933, tid=8451
#
# JRE version: OpenJDK Runtime Environment (15.0.2+7) (build 15.0.2+7-27)
# Java VM: OpenJDK 64-Bit Server VM (15.0.2+7-27, mixed mode, tiered, compressed oops, g1 gc, bsd-amd64)
# Problematic frame:
# j  week5.Calculator.main([Ljava/lang/String;)V+94
#
# No core dump will be written. Core dumps have been disabled. To enable core dumping, try "ulimit -c unlimited" before starting Java again
#
# If you would like to submit a bug report, please visit:
#   https://bugreport.java.com/bugreport/crash.jsp
#

---------------  S U M M A R Y ------------

Command Line: -Dfile.encoding=UTF-8 -XX:+ShowCodeDetailsInExceptionMessages week5.Calculator

Host: MacBookAir10,1 x86_64 2400 MHz, 8 cores, 16G, Darwin 20.3.0
Time: Tue Mar 30 21:59:31 2021 KST elapsed time: 5.333503 seconds (0d 0h 0m 5s)

---------------  T H R E A D  ---------------

Current thread (0x00007f9b2801e800):  JavaThread "main" [_thread_in_Java, id=8451, stack(0x0000000306107000,0x0000000306207000)]

Stack: [0x0000000306107000,0x0000000306207000],  sp=0x0000000306206ab8,  free space=1022k
Native frames: (J=compiled Java code, A=aot compiled Java code, j=interpreted, Vv=VM code, C=native code)
j  week5.Calculator.main([Ljava/lang/String;)V+94
v  ~StubRoutines::call_stub
V  [libjvm.dylib+0x4ae582]  JavaCalls::call_helper(JavaValue*, methodHandle const&, JavaCallArguments*, Thread*)+0x2e2
V  [libjvm.dylib+0x50f169]  jni_invoke_static(JNIEnv_*, JavaValue*, _jobject*, JNICallType, _jmethodID*, JNI_ArgumentPusher*, Thread*)+0x1f9
V  [libjvm.dylib+0x51290e]  jni_CallStaticVoidMethod+0x19e
C  [libjli.dylib+0x4f3d]  JavaMain+0xc1d
C  [libjli.dylib+0x7659]  ThreadJavaMain+0x9
C  [libsystem_pthread.dylib+0x6950]  _pthread_start+0xe0
C  [libsystem_pthread.dylib+0x247b]  thread_start+0xf


siginfo: si_signo: 8 (SIGFPE), si_code: 5 (FPE_FLTINV), si_addr: 0x000000011383c148

Register to memory mapping:

RAX=0x0000000000000005 is an unknown value
RBX=0x000000000000006c is an unknown value
RCX=0x0 is NULL
RDX=0x0 is NULL
RSP=0x0000000306206ab8 is pointing into the stack for thread: 0x00007f9b2801e800
RBP=0x0000000306206b08 is pointing into the stack for thread: 0x00007f9b2801e800
RSI=0x0000000000000001 is an unknown value
RDI=0x0000000000000001 is an unknown value
R8 =0x000000012e04bbd8 is pointing into metadata
R9 =0x00007f9b276bce10 points into unknown readable memory: 0x000000012e428590 | 90 85 42 2e 01 00 00 00
R10=0x000000010e44b9c0: _ZN19TemplateInterpreter13_active_tableE+0x2000 in /Applications/Eclipse.app/Contents/Eclipse/plugins/org.eclipse.justj.openjdk.hotspot.jre.full.macosx.x86_64_15.0.2.v20210201-0955/jre/lib/server/libjvm.dylib at 0x000000010d800000
R11=0x0 is NULL
R12=0x0 is NULL
R13=0x000000012e42851c is pointing into metadata
R14=0x0000000306206b38 is pointing into the stack for thread: 0x00007f9b2801e800
R15=0x00007f9b2801e800 is a thread


Registers:
RAX=0x0000000000000005, RBX=0x000000000000006c, RCX=0x0000000000000000, RDX=0x0000000000000000
RSP=0x0000000306206ab8, RBP=0x0000000306206b08, RSI=0x0000000000000001, RDI=0x0000000000000001
R8 =0x000000012e04bbd8, R9 =0x00007f9b276bce10, R10=0x000000010e44b9c0, R11=0x0000000000000000
R12=0x0000000000000000, R13=0x000000012e42851c, R14=0x0000000306206b38, R15=0x00007f9b2801e800
RIP=0x000000011383c148, EFLAGS=0x0000000000000a87, ERR=0x0000000000000000
  TRAPNO=0x0000000000000000

Top of Stack: (sp=0x0000000306206ab8)
0x0000000306206ab8:   000000070fe13af8 0000000306206ac0
0x0000000306206ac8:   000000012e428516 0000000306206b38
0x0000000306206ad8:   000000012e428608 0000000000000000
0x0000000306206ae8:   000000070fefe080 000000012e428590
0x0000000306206af8:   0000000000000000 0000000306206b38
0x0000000306206b08:   0000000306206ba0 0000000113828947
0x0000000306206b18:   0000000000000000 000000000000002f
0x0000000306206b28:   0000000000000005 000000070ff2a950
0x0000000306206b38:   000000070fefea30 f19d904a00001fa0
0x0000000306206b48:   00007f9b2801e800 0000000306206ce0
0x0000000306206b58:   0000000306206e90 0000000306206cc8
0x0000000306206b68:   0000000000000001 0000000306206bf8
0x0000000306206b78:   0000000306206e98 000000000000000a
0x0000000306206b88:   000000012e428590 0000000113835f20
0x0000000306206b98:   0000000306206ce8 0000000306206c80
0x0000000306206ba8:   000000010dcae582 0000000000000001
0x0000000306206bb8:   00007f9b2801e800 00007f9b2801e800
0x0000000306206bc8:   00007f9b27519a50 00007f9b27519110
0x0000000306206bd8:   00007f9b27519120 00007f9b275191f8
0x0000000306206be8:   00000000000000d8 00007f9b27519a90
0x0000000306206bf8:   00007f9b2801e800 00007f9b2751a500
0x0000000306206c08:   000000012e428590 0000000000000000
0x0000000306206c18:   0000000000000000 0000000000000000
0x0000000306206c28:   0000000000000000 0000000306206e90
0x0000000306206c38:   0000000201153e7d 0000000113835f20
0x0000000306206c48:   000000000000000f 0000000a2801e800
0x0000000306206c58:   00007f9b2801e800 0000000000000008
0x0000000306206c68:   0000000306206e90 00007f9b27519a20
0x0000000306206c78:   0000000306206ce0 0000000306206d90
0x0000000306206c88:   000000010dd0f169 00007f9b27519ae0
0x0000000306206c98:   00007f9b27519af0 00007f9b2801e800
0x0000000306206ca8:   0000000306206e50 00007f9b27519ec8 

Instructions: (pc=0x000000011383c148)
0x000000011383c048:   84 be 27 0e 01 00 00 00 6a 00 00 00 00 00 00 00
0x000000011383c058:   00 00 00 00 00 00 00 00 f3 0f 10 04 24 48 83 c4
0x000000011383c068:   08 f3 0f 59 04 24 48 83 c4 08 41 0f b6 5d 01 49
0x000000011383c078:   ff c5 49 ba c0 c9 44 0e 01 00 00 00 41 ff 24 da
0x000000011383c088:   00 00 00 00 00 00 00 00 00 00 00 00 00 00 00 00
0x000000011383c098:   00 00 00 00 00 00 00 00 60 00 00 00 00 00 00 00
0x000000011383c0a8:   89 be 27 0e 01 00 00 00 6b 00 00 00 00 00 00 00
0x000000011383c0b8:   00 00 00 00 00 00 00 00 f2 0f 10 04 24 48 83 c4
0x000000011383c0c8:   10 f2 0f 59 04 24 48 83 c4 10 41 0f b6 5d 01 49
0x000000011383c0d8:   ff c5 49 ba c0 d1 44 0e 01 00 00 00 41 ff 24 da
0x000000011383c0e8:   00 00 00 00 00 00 00 00 00 00 00 00 00 00 00 00
0x000000011383c0f8:   00 00 00 00 00 00 00 00 60 00 00 00 00 00 00 00
0x000000011383c108:   8e be 27 0e 01 00 00 00 6c 00 00 00 00 00 00 00
0x000000011383c118:   00 00 00 00 00 00 00 00 8b 04 24 48 83 c4 08 8b
0x000000011383c128:   c8 8b 04 24 48 83 c4 08 81 f8 00 00 00 80 0f 85
0x000000011383c138:   0b 00 00 00 33 d2 83 f9 ff 0f 84 03 00 00 00 99
0x000000011383c148:   f7 f9 41 0f b6 5d 01 49 ff c5 49 ba c0 b9 44 0e
0x000000011383c158:   01 00 00 00 41 ff 24 da 80 00 00 00 00 00 00 00
0x000000011383c168:   93 be 27 0e 01 00 00 00 6d 00 00 00 00 00 00 00
0x000000011383c178:   00 00 00 00 00 00 00 00 48 8b 04 24 48 83 c4 10
0x000000011383c188:   48 8b c8 48 8b 04 24 48 83 c4 10 48 85 c9 0f 84
0x000000011383c198:   73 9a ff ff 48 3b 05 ad a9 ab fa 0f 85 0c 00 00
0x000000011383c1a8:   00 33 d2 48 83 f9 ff 0f 84 05 00 00 00 48 99 48
0x000000011383c1b8:   f7 f9 41 0f b6 5d 01 49 ff c5 49 ba c0 c1 44 0e
0x000000011383c1c8:   01 00 00 00 41 ff 24 da 00 00 00 00 00 00 00 00
0x000000011383c1d8:   00 00 00 00 00 00 00 00 60 00 00 00 00 00 00 00
0x000000011383c1e8:   98 be 27 0e 01 00 00 00 6e 00 00 00 00 00 00 00
0x000000011383c1f8:   00 00 00 00 00 00 00 00 f3 0f 10 04 24 48 83 c4
0x000000011383c208:   08 0f 28 c8 f3 0f 10 04 24 48 83 c4 08 f3 0f 5e
0x000000011383c218:   c1 41 0f b6 5d 01 49 ff c5 49 ba c0 c9 44 0e 01
0x000000011383c228:   00 00 00 41 ff 24 da 90 00 00 00 00 00 00 00 00
0x000000011383c238:   00 00 00 00 00 00 00 00 60 00 00 00 00 00 00 00 


Stack slot to memory mapping:
stack at sp + 0 slots: 0x000000070fe13af8 is an oop: java.io.PrintStream 
{0x000000070fe13af8} - klass: 'java/io/PrintStream'
stack at sp + 1 slots: 0x0000000306206ac0 is pointing into the stack for thread: 0x00007f9b2801e800
stack at sp + 2 slots: 0x000000012e428516 is pointing into metadata
stack at sp + 3 slots: 0x0000000306206b38 is pointing into the stack for thread: 0x00007f9b2801e800
stack at sp + 4 slots: 0x000000012e428608 is pointing into metadata
stack at sp + 5 slots: 0x0 is NULL
stack at sp + 6 slots: 0x000000070fefe080 is an oop: java.lang.Class 
{0x000000070fefe080} - klass: 'java/lang/Class'
stack at sp + 7 slots: {method} {0x000000012e428590} 'main' '([Ljava/lang/String;)V' in 'week5/Calculator'

idiv  108 idiv  [0x000000011383c120, 0x000000011383c160]  64 bytes
[MachCode]
  0x000000011383c120: 8b04 2448 | 83c4 088b | c88b 0424 | 4883 c408 | 81f8 0000 | 0080 0f85 | 0b00 0000 | 33d2 83f9 
  0x000000011383c140: ff0f 8403 | 0000 0099 | f7f9 410f | b65d 0149 | ffc5 49ba | c0b9 440e | 0100 0000 | 41ff 24da 
[/MachCode]

---------------  P R O C E S S  ---------------

Threads class SMR info:
_java_thread_list=0x00007f9b07414c90, length=10, elements={
0x00007f9b2801e800, 0x00007f9b288f1000, 0x00007f9b288e7600, 0x00007f9b288f3400,
0x00007f9b0780f800, 0x00007f9b0780fe00, 0x00007f9b27827e00, 0x00007f9b27828a00,
0x00007f9b0780c800, 0x00007f9b0780c000
}

Java Threads: ( => current thread )
=>0x00007f9b2801e800 JavaThread "main" [_thread_in_Java, id=8451, stack(0x0000000306107000,0x0000000306207000)]
  0x00007f9b288f1000 JavaThread "Reference Handler" daemon [_thread_blocked, id=14339, stack(0x000000030681c000,0x000000030691c000)]
  0x00007f9b288e7600 JavaThread "Finalizer" daemon [_thread_blocked, id=42755, stack(0x000000030691f000,0x0000000306a1f000)]
  0x00007f9b288f3400 JavaThread "Signal Dispatcher" daemon [_thread_blocked, id=40195, stack(0x0000000306b33000,0x0000000306c33000)]
  0x00007f9b0780f800 JavaThread "Service Thread" daemon [_thread_blocked, id=24579, stack(0x0000000306c36000,0x0000000306d36000)]
  0x00007f9b0780fe00 JavaThread "C2 CompilerThread0" daemon [_thread_blocked, id=38659, stack(0x0000000306d39000,0x0000000306e39000)]
  0x00007f9b27827e00 JavaThread "C1 CompilerThread0" daemon [_thread_blocked, id=25091, stack(0x0000000306e3c000,0x0000000306f3c000)]
  0x00007f9b27828a00 JavaThread "Sweeper thread" daemon [_thread_blocked, id=37123, stack(0x0000000306f3f000,0x000000030703f000)]
  0x00007f9b0780c800 JavaThread "Notification Thread" daemon [_thread_blocked, id=36099, stack(0x0000000307042000,0x0000000307142000)]
  0x00007f9b0780c000 JavaThread "Common-Cleaner" daemon [_thread_blocked, id=35331, stack(0x0000000307248000,0x0000000307348000)]

Other Threads:
  0x00007f9b2764dae0 VMThread "VM Thread" [stack: 0x0000000306719000,0x0000000306819000] [id=13579]
  0x00007f9b07410b10 WatcherThread [stack: 0x0000000307145000,0x0000000307245000] [id=26627]
  0x00007f9b2760ca50 GCTaskThread "GC Thread#0" [stack: 0x000000030620a000,0x000000030630a000] [id=16899]
  0x00007f9b2760dc20 ConcurrentGCThread "G1 Main Marker" [stack: 0x000000030630d000,0x000000030640d000] [id=12291]
  0x00007f9b2740c000 ConcurrentGCThread "G1 Conc#0" [stack: 0x0000000306410000,0x0000000306510000] [id=13059]
  0x00007f9b2762a850 ConcurrentGCThread "G1 Refine#0" [stack: 0x0000000306513000,0x0000000306613000] [id=15875]
  0x00007f9b2762b900 ConcurrentGCThread "G1 Young RemSet Sampling" [stack: 0x0000000306616000,0x0000000306716000] [id=15363]

Threads with active compile tasks:

VM state: not at safepoint (normal execution)

VM Mutex/Monitor currently owned by a thread: None

Heap address: 0x0000000700000000, size: 4096 MB, Compressed Oops mode: Zero based, Oop shift amount: 3
CDS disabled.
Compressed class space mapped at: 0x0000000800000000-0x0000000840000000, size: 1073741824
Narrow klass base: 0x0000000800000000, Narrow klass shift: 0, Narrow klass range: 0x40000000

GC Precious Log:
 CPUs: 8 total, 8 available
 Memory: 16384M
 Large Page Support: Disabled
 NUMA Support: Disabled
 Compressed Oops: Enabled (Zero based)
 Heap Region Size: 2M
 Heap Min Capacity: 8M
 Heap Initial Capacity: 256M
 Heap Max Capacity: 4G
 Pre-touch: Disabled
 Parallel Workers: 8
 Concurrent Workers: 2
 Concurrent Refinement Workers: 8
 Periodic GC: Disabled

Heap:
 garbage-first heap   total 262144K, used 0K [0x0000000700000000, 0x0000000800000000)
  region size 2048K, 1 young (2048K), 0 survivors (0K)
 Metaspace       used 6701K, capacity 6811K, committed 7040K, reserved 1056768K
  class space    used 567K, capacity 589K, committed 640K, reserved 1048576K

Heap Regions: E=young(eden), S=young(survivor), O=old, HS=humongous(starts), HC=humongous(continues), CS=collection set, F=free, OA=open archive, CA=closed archive, TAMS=top-at-mark-start (previous, next)
|   0|0x0000000700000000, 0x0000000700000000, 0x0000000700200000|  0%| F|  |TAMS 0x0000000700000000, 0x0000000700000000| Untracked 
|   1|0x0000000700200000, 0x0000000700200000, 0x0000000700400000|  0%| F|  |TAMS 0x0000000700200000, 0x0000000700200000| Untracked 
|   2|0x0000000700400000, 0x0000000700400000, 0x0000000700600000|  0%| F|  |TAMS 0x0000000700400000, 0x0000000700400000| Untracked 
|   3|0x0000000700600000, 0x0000000700600000, 0x0000000700800000|  0%| F|  |TAMS 0x0000000700600000, 0x0000000700600000| Untracked 
|   4|0x0000000700800000, 0x0000000700800000, 0x0000000700a00000|  0%| F|  |TAMS 0x0000000700800000, 0x0000000700800000| Untracked 
|   5|0x0000000700a00000, 0x0000000700a00000, 0x0000000700c00000|  0%| F|  |TAMS 0x0000000700a00000, 0x0000000700a00000| Untracked 
|   6|0x0000000700c00000, 0x0000000700c00000, 0x0000000700e00000|  0%| F|  |TAMS 0x0000000700c00000, 0x0000000700c00000| Untracked 
|   7|0x0000000700e00000, 0x0000000700e00000, 0x0000000701000000|  0%| F|  |TAMS 0x0000000700e00000, 0x0000000700e00000| Untracked 
|   8|0x0000000701000000, 0x0000000701000000, 0x0000000701200000|  0%| F|  |TAMS 0x0000000701000000, 0x0000000701000000| Untracked 
|   9|0x0000000701200000, 0x0000000701200000, 0x0000000701400000|  0%| F|  |TAMS 0x0000000701200000, 0x0000000701200000| Untracked 
|  10|0x0000000701400000, 0x0000000701400000, 0x0000000701600000|  0%| F|  |TAMS 0x0000000701400000, 0x0000000701400000| Untracked 
|  11|0x0000000701600000, 0x0000000701600000, 0x0000000701800000|  0%| F|  |TAMS 0x0000000701600000, 0x0000000701600000| Untracked 
|  12|0x0000000701800000, 0x0000000701800000, 0x0000000701a00000|  0%| F|  |TAMS 0x0000000701800000, 0x0000000701800000| Untracked 
|  13|0x0000000701a00000, 0x0000000701a00000, 0x0000000701c00000|  0%| F|  |TAMS 0x0000000701a00000, 0x0000000701a00000| Untracked 
|  14|0x0000000701c00000, 0x0000000701c00000, 0x0000000701e00000|  0%| F|  |TAMS 0x0000000701c00000, 0x0000000701c00000| Untracked 
|  15|0x0000000701e00000, 0x0000000701e00000, 0x0000000702000000|  0%| F|  |TAMS 0x0000000701e00000, 0x0000000701e00000| Untracked 
|  16|0x0000000702000000, 0x0000000702000000, 0x0000000702200000|  0%| F|  |TAMS 0x0000000702000000, 0x0000000702000000| Untracked 
|  17|0x0000000702200000, 0x0000000702200000, 0x0000000702400000|  0%| F|  |TAMS 0x0000000702200000, 0x0000000702200000| Untracked 
|  18|0x0000000702400000, 0x0000000702400000, 0x0000000702600000|  0%| F|  |TAMS 0x0000000702400000, 0x0000000702400000| Untracked 
|  19|0x0000000702600000, 0x0000000702600000, 0x0000000702800000|  0%| F|  |TAMS 0x0000000702600000, 0x0000000702600000| Untracked 
|  20|0x0000000702800000, 0x0000000702800000, 0x0000000702a00000|  0%| F|  |TAMS 0x0000000702800000, 0x0000000702800000| Untracked 
|  21|0x0000000702a00000, 0x0000000702a00000, 0x0000000702c00000|  0%| F|  |TAMS 0x0000000702a00000, 0x0000000702a00000| Untracked 
|  22|0x0000000702c00000, 0x0000000702c00000, 0x0000000702e00000|  0%| F|  |TAMS 0x0000000702c00000, 0x0000000702c00000| Untracked 
|  23|0x0000000702e00000, 0x0000000702e00000, 0x0000000703000000|  0%| F|  |TAMS 0x0000000702e00000, 0x0000000702e00000| Untracked 
|  24|0x0000000703000000, 0x0000000703000000, 0x0000000703200000|  0%| F|  |TAMS 0x0000000703000000, 0x0000000703000000| Untracked 
|  25|0x0000000703200000, 0x0000000703200000, 0x0000000703400000|  0%| F|  |TAMS 0x0000000703200000, 0x0000000703200000| Untracked 
|  26|0x0000000703400000, 0x0000000703400000, 0x0000000703600000|  0%| F|  |TAMS 0x0000000703400000, 0x0000000703400000| Untracked 
|  27|0x0000000703600000, 0x0000000703600000, 0x0000000703800000|  0%| F|  |TAMS 0x0000000703600000, 0x0000000703600000| Untracked 
|  28|0x0000000703800000, 0x0000000703800000, 0x0000000703a00000|  0%| F|  |TAMS 0x0000000703800000, 0x0000000703800000| Untracked 
|  29|0x0000000703a00000, 0x0000000703a00000, 0x0000000703c00000|  0%| F|  |TAMS 0x0000000703a00000, 0x0000000703a00000| Untracked 
|  30|0x0000000703c00000, 0x0000000703c00000, 0x0000000703e00000|  0%| F|  |TAMS 0x0000000703c00000, 0x0000000703c00000| Untracked 
|  31|0x0000000703e00000, 0x0000000703e00000, 0x0000000704000000|  0%| F|  |TAMS 0x0000000703e00000, 0x0000000703e00000| Untracked 
|  32|0x0000000704000000, 0x0000000704000000, 0x0000000704200000|  0%| F|  |TAMS 0x0000000704000000, 0x0000000704000000| Untracked 
|  33|0x0000000704200000, 0x0000000704200000, 0x0000000704400000|  0%| F|  |TAMS 0x0000000704200000, 0x0000000704200000| Untracked 
|  34|0x0000000704400000, 0x0000000704400000, 0x0000000704600000|  0%| F|  |TAMS 0x0000000704400000, 0x0000000704400000| Untracked 
|  35|0x0000000704600000, 0x0000000704600000, 0x0000000704800000|  0%| F|  |TAMS 0x0000000704600000, 0x0000000704600000| Untracked 
|  36|0x0000000704800000, 0x0000000704800000, 0x0000000704a00000|  0%| F|  |TAMS 0x0000000704800000, 0x0000000704800000| Untracked 
|  37|0x0000000704a00000, 0x0000000704a00000, 0x0000000704c00000|  0%| F|  |TAMS 0x0000000704a00000, 0x0000000704a00000| Untracked 
|  38|0x0000000704c00000, 0x0000000704c00000, 0x0000000704e00000|  0%| F|  |TAMS 0x0000000704c00000, 0x0000000704c00000| Untracked 
|  39|0x0000000704e00000, 0x0000000704e00000, 0x0000000705000000|  0%| F|  |TAMS 0x0000000704e00000, 0x0000000704e00000| Untracked 
|  40|0x0000000705000000, 0x0000000705000000, 0x0000000705200000|  0%| F|  |TAMS 0x0000000705000000, 0x0000000705000000| Untracked 
|  41|0x0000000705200000, 0x0000000705200000, 0x0000000705400000|  0%| F|  |TAMS 0x0000000705200000, 0x0000000705200000| Untracked 
|  42|0x0000000705400000, 0x0000000705400000, 0x0000000705600000|  0%| F|  |TAMS 0x0000000705400000, 0x0000000705400000| Untracked 
|  43|0x0000000705600000, 0x0000000705600000, 0x0000000705800000|  0%| F|  |TAMS 0x0000000705600000, 0x0000000705600000| Untracked 
|  44|0x0000000705800000, 0x0000000705800000, 0x0000000705a00000|  0%| F|  |TAMS 0x0000000705800000, 0x0000000705800000| Untracked 
|  45|0x0000000705a00000, 0x0000000705a00000, 0x0000000705c00000|  0%| F|  |TAMS 0x0000000705a00000, 0x0000000705a00000| Untracked 
|  46|0x0000000705c00000, 0x0000000705c00000, 0x0000000705e00000|  0%| F|  |TAMS 0x0000000705c00000, 0x0000000705c00000| Untracked 
|  47|0x0000000705e00000, 0x0000000705e00000, 0x0000000706000000|  0%| F|  |TAMS 0x0000000705e00000, 0x0000000705e00000| Untracked 
|  48|0x0000000706000000, 0x0000000706000000, 0x0000000706200000|  0%| F|  |TAMS 0x0000000706000000, 0x0000000706000000| Untracked 
|  49|0x0000000706200000, 0x0000000706200000, 0x0000000706400000|  0%| F|  |TAMS 0x0000000706200000, 0x0000000706200000| Untracked 
|  50|0x0000000706400000, 0x0000000706400000, 0x0000000706600000|  0%| F|  |TAMS 0x0000000706400000, 0x0000000706400000| Untracked 
|  51|0x0000000706600000, 0x0000000706600000, 0x0000000706800000|  0%| F|  |TAMS 0x0000000706600000, 0x0000000706600000| Untracked 
|  52|0x0000000706800000, 0x0000000706800000, 0x0000000706a00000|  0%| F|  |TAMS 0x0000000706800000, 0x0000000706800000| Untracked 
|  53|0x0000000706a00000, 0x0000000706a00000, 0x0000000706c00000|  0%| F|  |TAMS 0x0000000706a00000, 0x0000000706a00000| Untracked 
|  54|0x0000000706c00000, 0x0000000706c00000, 0x0000000706e00000|  0%| F|  |TAMS 0x0000000706c00000, 0x0000000706c00000| Untracked 
|  55|0x0000000706e00000, 0x0000000706e00000, 0x0000000707000000|  0%| F|  |TAMS 0x0000000706e00000, 0x0000000706e00000| Untracked 
|  56|0x0000000707000000, 0x0000000707000000, 0x0000000707200000|  0%| F|  |TAMS 0x0000000707000000, 0x0000000707000000| Untracked 
|  57|0x0000000707200000, 0x0000000707200000, 0x0000000707400000|  0%| F|  |TAMS 0x0000000707200000, 0x0000000707200000| Untracked 
|  58|0x0000000707400000, 0x0000000707400000, 0x0000000707600000|  0%| F|  |TAMS 0x0000000707400000, 0x0000000707400000| Untracked 
|  59|0x0000000707600000, 0x0000000707600000, 0x0000000707800000|  0%| F|  |TAMS 0x0000000707600000, 0x0000000707600000| Untracked 
|  60|0x0000000707800000, 0x0000000707800000, 0x0000000707a00000|  0%| F|  |TAMS 0x0000000707800000, 0x0000000707800000| Untracked 
|  61|0x0000000707a00000, 0x0000000707a00000, 0x0000000707c00000|  0%| F|  |TAMS 0x0000000707a00000, 0x0000000707a00000| Untracked 
|  62|0x0000000707c00000, 0x0000000707c00000, 0x0000000707e00000|  0%| F|  |TAMS 0x0000000707c00000, 0x0000000707c00000| Untracked 
|  63|0x0000000707e00000, 0x0000000707e00000, 0x0000000708000000|  0%| F|  |TAMS 0x0000000707e00000, 0x0000000707e00000| Untracked 
|  64|0x0000000708000000, 0x0000000708000000, 0x0000000708200000|  0%| F|  |TAMS 0x0000000708000000, 0x0000000708000000| Untracked 
|  65|0x0000000708200000, 0x0000000708200000, 0x0000000708400000|  0%| F|  |TAMS 0x0000000708200000, 0x0000000708200000| Untracked 
|  66|0x0000000708400000, 0x0000000708400000, 0x0000000708600000|  0%| F|  |TAMS 0x0000000708400000, 0x0000000708400000| Untracked 
|  67|0x0000000708600000, 0x0000000708600000, 0x0000000708800000|  0%| F|  |TAMS 0x0000000708600000, 0x0000000708600000| Untracked 
|  68|0x0000000708800000, 0x0000000708800000, 0x0000000708a00000|  0%| F|  |TAMS 0x0000000708800000, 0x0000000708800000| Untracked 
|  69|0x0000000708a00000, 0x0000000708a00000, 0x0000000708c00000|  0%| F|  |TAMS 0x0000000708a00000, 0x0000000708a00000| Untracked 
|  70|0x0000000708c00000, 0x0000000708c00000, 0x0000000708e00000|  0%| F|  |TAMS 0x0000000708c00000, 0x0000000708c00000| Untracked 
|  71|0x0000000708e00000, 0x0000000708e00000, 0x0000000709000000|  0%| F|  |TAMS 0x0000000708e00000, 0x0000000708e00000| Untracked 
|  72|0x0000000709000000, 0x0000000709000000, 0x0000000709200000|  0%| F|  |TAMS 0x0000000709000000, 0x0000000709000000| Untracked 
|  73|0x0000000709200000, 0x0000000709200000, 0x0000000709400000|  0%| F|  |TAMS 0x0000000709200000, 0x0000000709200000| Untracked 
|  74|0x0000000709400000, 0x0000000709400000, 0x0000000709600000|  0%| F|  |TAMS 0x0000000709400000, 0x0000000709400000| Untracked 
|  75|0x0000000709600000, 0x0000000709600000, 0x0000000709800000|  0%| F|  |TAMS 0x0000000709600000, 0x0000000709600000| Untracked 
|  76|0x0000000709800000, 0x0000000709800000, 0x0000000709a00000|  0%| F|  |TAMS 0x0000000709800000, 0x0000000709800000| Untracked 
|  77|0x0000000709a00000, 0x0000000709a00000, 0x0000000709c00000|  0%| F|  |TAMS 0x0000000709a00000, 0x0000000709a00000| Untracked 
|  78|0x0000000709c00000, 0x0000000709c00000, 0x0000000709e00000|  0%| F|  |TAMS 0x0000000709c00000, 0x0000000709c00000| Untracked 
|  79|0x0000000709e00000, 0x0000000709e00000, 0x000000070a000000|  0%| F|  |TAMS 0x0000000709e00000, 0x0000000709e00000| Untracked 
|  80|0x000000070a000000, 0x000000070a000000, 0x000000070a200000|  0%| F|  |TAMS 0x000000070a000000, 0x000000070a000000| Untracked 
|  81|0x000000070a200000, 0x000000070a200000, 0x000000070a400000|  0%| F|  |TAMS 0x000000070a200000, 0x000000070a200000| Untracked 
|  82|0x000000070a400000, 0x000000070a400000, 0x000000070a600000|  0%| F|  |TAMS 0x000000070a400000, 0x000000070a400000| Untracked 
|  83|0x000000070a600000, 0x000000070a600000, 0x000000070a800000|  0%| F|  |TAMS 0x000000070a600000, 0x000000070a600000| Untracked 
|  84|0x000000070a800000, 0x000000070a800000, 0x000000070aa00000|  0%| F|  |TAMS 0x000000070a800000, 0x000000070a800000| Untracked 
|  85|0x000000070aa00000, 0x000000070aa00000, 0x000000070ac00000|  0%| F|  |TAMS 0x000000070aa00000, 0x000000070aa00000| Untracked 
|  86|0x000000070ac00000, 0x000000070ac00000, 0x000000070ae00000|  0%| F|  |TAMS 0x000000070ac00000, 0x000000070ac00000| Untracked 
|  87|0x000000070ae00000, 0x000000070ae00000, 0x000000070b000000|  0%| F|  |TAMS 0x000000070ae00000, 0x000000070ae00000| Untracked 
|  88|0x000000070b000000, 0x000000070b000000, 0x000000070b200000|  0%| F|  |TAMS 0x000000070b000000, 0x000000070b000000| Untracked 
|  89|0x000000070b200000, 0x000000070b200000, 0x000000070b400000|  0%| F|  |TAMS 0x000000070b200000, 0x000000070b200000| Untracked 
|  90|0x000000070b400000, 0x000000070b400000, 0x000000070b600000|  0%| F|  |TAMS 0x000000070b400000, 0x000000070b400000| Untracked 
|  91|0x000000070b600000, 0x000000070b600000, 0x000000070b800000|  0%| F|  |TAMS 0x000000070b600000, 0x000000070b600000| Untracked 
|  92|0x000000070b800000, 0x000000070b800000, 0x000000070ba00000|  0%| F|  |TAMS 0x000000070b800000, 0x000000070b800000| Untracked 
|  93|0x000000070ba00000, 0x000000070ba00000, 0x000000070bc00000|  0%| F|  |TAMS 0x000000070ba00000, 0x000000070ba00000| Untracked 
|  94|0x000000070bc00000, 0x000000070bc00000, 0x000000070be00000|  0%| F|  |TAMS 0x000000070bc00000, 0x000000070bc00000| Untracked 
|  95|0x000000070be00000, 0x000000070be00000, 0x000000070c000000|  0%| F|  |TAMS 0x000000070be00000, 0x000000070be00000| Untracked 
|  96|0x000000070c000000, 0x000000070c000000, 0x000000070c200000|  0%| F|  |TAMS 0x000000070c000000, 0x000000070c000000| Untracked 
|  97|0x000000070c200000, 0x000000070c200000, 0x000000070c400000|  0%| F|  |TAMS 0x000000070c200000, 0x000000070c200000| Untracked 
|  98|0x000000070c400000, 0x000000070c400000, 0x000000070c600000|  0%| F|  |TAMS 0x000000070c400000, 0x000000070c400000| Untracked 
|  99|0x000000070c600000, 0x000000070c600000, 0x000000070c800000|  0%| F|  |TAMS 0x000000070c600000, 0x000000070c600000| Untracked 
| 100|0x000000070c800000, 0x000000070c800000, 0x000000070ca00000|  0%| F|  |TAMS 0x000000070c800000, 0x000000070c800000| Untracked 
| 101|0x000000070ca00000, 0x000000070ca00000, 0x000000070cc00000|  0%| F|  |TAMS 0x000000070ca00000, 0x000000070ca00000| Untracked 
| 102|0x000000070cc00000, 0x000000070cc00000, 0x000000070ce00000|  0%| F|  |TAMS 0x000000070cc00000, 0x000000070cc00000| Untracked 
| 103|0x000000070ce00000, 0x000000070ce00000, 0x000000070d000000|  0%| F|  |TAMS 0x000000070ce00000, 0x000000070ce00000| Untracked 
| 104|0x000000070d000000, 0x000000070d000000, 0x000000070d200000|  0%| F|  |TAMS 0x000000070d000000, 0x000000070d000000| Untracked 
| 105|0x000000070d200000, 0x000000070d200000, 0x000000070d400000|  0%| F|  |TAMS 0x000000070d200000, 0x000000070d200000| Untracked 
| 106|0x000000070d400000, 0x000000070d400000, 0x000000070d600000|  0%| F|  |TAMS 0x000000070d400000, 0x000000070d400000| Untracked 
| 107|0x000000070d600000, 0x000000070d600000, 0x000000070d800000|  0%| F|  |TAMS 0x000000070d600000, 0x000000070d600000| Untracked 
| 108|0x000000070d800000, 0x000000070d800000, 0x000000070da00000|  0%| F|  |TAMS 0x000000070d800000, 0x000000070d800000| Untracked 
| 109|0x000000070da00000, 0x000000070da00000, 0x000000070dc00000|  0%| F|  |TAMS 0x000000070da00000, 0x000000070da00000| Untracked 
| 110|0x000000070dc00000, 0x000000070dc00000, 0x000000070de00000|  0%| F|  |TAMS 0x000000070dc00000, 0x000000070dc00000| Untracked 
| 111|0x000000070de00000, 0x000000070de00000, 0x000000070e000000|  0%| F|  |TAMS 0x000000070de00000, 0x000000070de00000| Untracked 
| 112|0x000000070e000000, 0x000000070e000000, 0x000000070e200000|  0%| F|  |TAMS 0x000000070e000000, 0x000000070e000000| Untracked 
| 113|0x000000070e200000, 0x000000070e200000, 0x000000070e400000|  0%| F|  |TAMS 0x000000070e200000, 0x000000070e200000| Untracked 
| 114|0x000000070e400000, 0x000000070e400000, 0x000000070e600000|  0%| F|  |TAMS 0x000000070e400000, 0x000000070e400000| Untracked 
| 115|0x000000070e600000, 0x000000070e600000, 0x000000070e800000|  0%| F|  |TAMS 0x000000070e600000, 0x000000070e600000| Untracked 
| 116|0x000000070e800000, 0x000000070e800000, 0x000000070ea00000|  0%| F|  |TAMS 0x000000070e800000, 0x000000070e800000| Untracked 
| 117|0x000000070ea00000, 0x000000070ea00000, 0x000000070ec00000|  0%| F|  |TAMS 0x000000070ea00000, 0x000000070ea00000| Untracked 
| 118|0x000000070ec00000, 0x000000070ec00000, 0x000000070ee00000|  0%| F|  |TAMS 0x000000070ec00000, 0x000000070ec00000| Untracked 
| 119|0x000000070ee00000, 0x000000070ee00000, 0x000000070f000000|  0%| F|  |TAMS 0x000000070ee00000, 0x000000070ee00000| Untracked 
| 120|0x000000070f000000, 0x000000070f000000, 0x000000070f200000|  0%| F|  |TAMS 0x000000070f000000, 0x000000070f000000| Untracked 
| 121|0x000000070f200000, 0x000000070f200000, 0x000000070f400000|  0%| F|  |TAMS 0x000000070f200000, 0x000000070f200000| Untracked 
| 122|0x000000070f400000, 0x000000070f400000, 0x000000070f600000|  0%| F|  |TAMS 0x000000070f400000, 0x000000070f400000| Untracked 
| 123|0x000000070f600000, 0x000000070f600000, 0x000000070f800000|  0%| F|  |TAMS 0x000000070f600000, 0x000000070f600000| Untracked 
| 124|0x000000070f800000, 0x000000070f800000, 0x000000070fa00000|  0%| F|  |TAMS 0x000000070f800000, 0x000000070f800000| Untracked 
| 125|0x000000070fa00000, 0x000000070fa00000, 0x000000070fc00000|  0%| F|  |TAMS 0x000000070fa00000, 0x000000070fa00000| Untracked 
| 126|0x000000070fc00000, 0x000000070fc00000, 0x000000070fe00000|  0%| F|  |TAMS 0x000000070fc00000, 0x000000070fc00000| Untracked 
| 127|0x000000070fe00000, 0x0000000710000000, 0x0000000710000000|100%| E|  |TAMS 0x000000070fe00000, 0x000000070fe00000| Complete 

Card table byte_map: [0x0000000123028000,0x0000000123828000] _byte_map_base: 0x000000011f828000

Marking Bits (Prev, Next): (CMBitMap*) 0x00007f9b28823e10, (CMBitMap*) 0x00007f9b28823e50
 Prev Bits: [0x0000000124028000, 0x0000000128028000)
 Next Bits: [0x0000000128028000, 0x000000012c028000)

Polling page: 0x0000000100ebb000

Metaspace:

Usage:
  Non-class:      6.08 MB capacity,     5.99 MB ( 99%) used,    86.14 KB (  1%) free+waste,     2.44 KB ( <1%) overhead. 
      Class:    589.00 KB capacity,   567.72 KB ( 96%) used,    20.41 KB (  3%) free+waste,   896 bytes ( <1%) overhead. 
       Both:      6.65 MB capacity,     6.54 MB ( 98%) used,   106.55 KB (  2%) free+waste,     3.31 KB ( <1%) overhead. 

Virtual space:
  Non-class space:        8.00 MB reserved,       6.25 MB ( 78%) committed 
      Class space:        1.00 GB reserved,     640.00 KB ( <1%) committed 
             Both:        1.01 GB reserved,       6.88 MB ( <1%) committed 

Chunk freelists:
   Non-Class:  18.00 KB
       Class:  19.00 KB
        Both:  37.00 KB

MaxMetaspaceSize: 17179869184.00 GB
CompressedClassSpaceSize: 1.00 GB

CodeHeap 'non-profiled nmethods': size=120028Kb used=53Kb max_used=53Kb free=119974Kb
 bounds [0x000000011b2f1000, 0x000000011b561000, 0x0000000122828000]
CodeHeap 'profiled nmethods': size=120028Kb used=243Kb max_used=243Kb free=119784Kb
 bounds [0x0000000113dba000, 0x000000011402a000, 0x000000011b2f1000]
CodeHeap 'non-nmethods': size=5704Kb used=1108Kb max_used=1121Kb free=4595Kb
 bounds [0x0000000113828000, 0x0000000113a98000, 0x0000000113dba000]
 total_blobs=554 nmethods=200 adapters=269
 compilation: enabled
              stopped_count=0, restarted_count=0
 full_count=0

Compilation events (20 events):
Event: 0.187 Thread 0x00007f9b27827e00  188       3       java.lang.invoke.MethodType$ConcurrentWeakInternSet::get (47 bytes)
Event: 0.188 Thread 0x00007f9b27827e00 nmethod 188 0x0000000113df1710 code [0x0000000113df1940, 0x0000000113df2290]
Event: 0.188 Thread 0x00007f9b27827e00  189       3       java.lang.AbstractStringBuilder::newCapacity (59 bytes)
Event: 0.188 Thread 0x00007f9b27827e00 nmethod 189 0x0000000113df2610 code [0x0000000113df2800, 0x0000000113df2d30]
Event: 0.189 Thread 0x00007f9b27827e00  190       3       java.util.regex.Pattern::has (15 bytes)
Event: 0.189 Thread 0x00007f9b27827e00 nmethod 190 0x0000000113df2f10 code [0x0000000113df30a0, 0x0000000113df31f0]
Event: 0.189 Thread 0x00007f9b27827e00  192   !   3       java.lang.invoke.MemberName::getMethodType (203 bytes)
Event: 0.189 Thread 0x00007f9b0780fe00  194       4       java.lang.String::coder (15 bytes)
Event: 0.190 Thread 0x00007f9b0780fe00 nmethod 194 0x000000011b2fde90 code [0x000000011b2fe000, 0x000000011b2fe058]
Event: 0.190 Thread 0x00007f9b27827e00 nmethod 192 0x0000000113df3290 code [0x0000000113df3560, 0x0000000113df4b30]
Event: 0.190 Thread 0x00007f9b27827e00  193       1       sun.invoke.util.Wrapper::basicTypeChar (5 bytes)
Event: 0.190 Thread 0x00007f9b27827e00 nmethod 193 0x000000011b2fe490 code [0x000000011b2fe620, 0x000000011b2fe6d0]
Event: 0.190 Thread 0x00007f9b27827e00  195       3       java.lang.invoke.MethodType::equals (56 bytes)
Event: 0.190 Thread 0x00007f9b27827e00 nmethod 195 0x0000000113df5110 code [0x0000000113df5320, 0x0000000113df5e70]
Event: 0.190 Thread 0x00007f9b27827e00  198       3       java.util.regex.Pattern::peek (26 bytes)
Event: 0.190 Thread 0x00007f9b27827e00 nmethod 198 0x0000000113df6010 code [0x0000000113df61c0, 0x0000000113df6420]
Event: 0.190 Thread 0x00007f9b27827e00  200       3       java.util.regex.ASCII::isAscii (13 bytes)
Event: 0.190 Thread 0x00007f9b27827e00 nmethod 200 0x0000000113df6590 code [0x0000000113df6720, 0x0000000113df6850]
Event: 0.190 Thread 0x00007f9b27827e00  199       3       java.util.regex.Pattern::next (33 bytes)
Event: 0.190 Thread 0x00007f9b27827e00 nmethod 199 0x0000000113df6910 code [0x0000000113df6ac0, 0x0000000113df6d20]

GC Heap History (0 events):
No events

Deoptimization events (8 events):
Event: 0.099 Thread 0x00007f9b2801e800 Uncommon trap: trap_request=0xffffff45 fr.pc=0x000000011b2f5224 relative=0x00000000000001a4
Event: 0.099 Thread 0x00007f9b2801e800 Uncommon trap: reason=unstable_if action=reinterpret pc=0x000000011b2f5224 method=java.lang.String.hashCode()I @ 42 c2
Event: 0.099 Thread 0x00007f9b2801e800 DEOPT PACKING pc=0x000000011b2f5224 sp=0x0000000306205640
Event: 0.099 Thread 0x00007f9b2801e800 DEOPT UNPACKING pc=0x0000000113875e1f sp=0x00000003062055f8 mode 2
Event: 0.183 Thread 0x00007f9b2801e800 Uncommon trap: trap_request=0xffffff45 fr.pc=0x000000011b2fc158 relative=0x0000000000000058
Event: 0.183 Thread 0x00007f9b2801e800 Uncommon trap: reason=unstable_if action=reinterpret pc=0x000000011b2fc158 method=java.lang.String.isLatin1()Z @ 10 c2
Event: 0.183 Thread 0x00007f9b2801e800 DEOPT PACKING pc=0x000000011b2fc158 sp=0x0000000306206400
Event: 0.183 Thread 0x00007f9b2801e800 DEOPT UNPACKING pc=0x0000000113875e1f sp=0x00000003062063b0 mode 2

Classes unloaded (0 events):
No events

Classes redefined (0 events):
No events

Internal exceptions (0 events):
No events

Events (20 events):
Event: 0.185 loading class java/math/RoundingMode
Event: 0.185 loading class java/math/RoundingMode done
Event: 0.187 loading class java/util/regex/ASCII
Event: 0.187 loading class java/util/regex/ASCII done
Event: 0.187 loading class java/util/regex/Pattern$GroupTail
Event: 0.187 loading class java/util/regex/Pattern$GroupTail done
Event: 0.187 loading class java/util/regex/Pattern$Ques
Event: 0.187 loading class java/util/regex/Pattern$Ques done
Event: 0.189 loading class java/util/regex/Pattern$Curly
Event: 0.189 loading class java/util/regex/Pattern$Curly done
Event: 0.189 loading class java/util/regex/Pattern$BranchConn
Event: 0.189 loading class java/util/regex/Pattern$BranchConn done
Event: 0.189 loading class java/util/regex/Pattern$Branch
Event: 0.189 loading class java/util/regex/Pattern$Branch done
Event: 0.190 loading class java/util/regex/Pattern$GroupCurly
Event: 0.190 loading class java/util/regex/Pattern$GroupCurly done
Event: 1.026 Executing VM operation: HandshakeAllThreads
Event: 1.026 Executing VM operation: HandshakeAllThreads done
Event: 5.330 loading class java/util/regex/Pattern$1
Event: 5.330 loading class java/util/regex/Pattern$1 done


Dynamic libraries:
0x00007ffdffc47000 	/Library/Apple/usr/libexec/oah/runtime
0x00007fff2a5b6000 	/usr/lib/libz.1.dylib
0x000000010915f000 	/Applications/Eclipse.app/Contents/Eclipse/plugins/org.eclipse.justj.openjdk.hotspot.jre.full.macosx.x86_64_15.0.2.v20210201-0955/jre/lib/libjli.dylib
0x00007fff35268000 	/System/Library/Frameworks/Cocoa.framework/Versions/A/Cocoa
0x00007fff22110000 	/System/Library/Frameworks/Security.framework/Versions/A/Security
0x00007fff33465000 	/System/Library/Frameworks/ApplicationServices.framework/Versions/A/ApplicationServices
0x00007fff2a682000 	/usr/lib/libSystem.B.dylib
0x00007fff2a67c000 	/usr/lib/system/libcache.dylib
0x00007fff2a638000 	/usr/lib/system/libcommonCrypto.dylib
0x00007fff2a662000 	/usr/lib/system/libcompiler_rt.dylib
0x00007fff2a657000 	/usr/lib/system/libcopyfile.dylib
0x00007fff200ae000 	/usr/lib/system/libcorecrypto.dylib
0x00007fff2017b000 	/usr/lib/system/libdispatch.dylib
0x00007fff20330000 	/usr/lib/system/libdyld.dylib
0x00007fff2a673000 	/usr/lib/system/libkeymgr.dylib
0x00007fff2dc17000 	/usr/lib/system/liblaunch.dylib
0x00007fff2a616000 	/usr/lib/system/libmacho.dylib
0x00007fff29e2b000 	/usr/lib/system/libquarantine.dylib
0x00007fff2a670000 	/usr/lib/system/libremovefile.dylib
0x00007fff24aa7000 	/usr/lib/system/libsystem_asl.dylib
0x00007fff2005e000 	/usr/lib/system/libsystem_blocks.dylib
0x00007fff201fd000 	/usr/lib/system/libsystem_c.dylib
0x00007fff2a66a000 	/usr/lib/system/libsystem_collections.dylib
0x00007fff29218000 	/usr/lib/system/libsystem_configuration.dylib
0x00007fff28507000 	/usr/lib/system/libsystem_containermanager.dylib
0x00007fff2a3ae000 	/usr/lib/system/libsystem_coreservices.dylib
0x00007fff226c4000 	/usr/lib/system/libsystem_darwin.dylib
0x00007fff2a674000 	/usr/lib/system/libsystem_dnssd.dylib
0x00007fff201fa000 	/usr/lib/system/libsystem_featureflags.dylib
0x00007fff20375000 	/usr/lib/system/libsystem_info.dylib
0x00007fff2a5c9000 	/usr/lib/system/libsystem_m.dylib
0x00007fff2014e000 	/usr/lib/system/libsystem_malloc.dylib
0x00007fff24a3b000 	/usr/lib/system/libsystem_networkextension.dylib
0x00007fff22adf000 	/usr/lib/system/libsystem_notify.dylib
0x00007fff300cb000 	/usr/lib/system/libsystem_product_info_filter.dylib
0x00007fff2921c000 	/usr/lib/system/libsystem_sandbox.dylib
0x00007fff2a66d000 	/usr/lib/system/libsystem_secinit.dylib
0x00007fff202f5000 	/usr/lib/system/libsystem_kernel.dylib
0x00007fff2036b000 	/usr/lib/system/libsystem_platform.dylib
0x00007fff20324000 	/usr/lib/system/libsystem_pthread.dylib
0x00007fff261d5000 	/usr/lib/system/libsystem_symptoms.dylib
0x00007fff20096000 	/usr/lib/system/libsystem_trace.dylib
0x00007fff2a644000 	/usr/lib/system/libunwind.dylib
0x00007fff20060000 	/usr/lib/system/libxpc.dylib
0x00007fff202dc000 	/usr/lib/libc++abi.dylib
0x00007fff201c0000 	/usr/lib/libobjc.A.dylib
0x00007fff2a64f000 	/usr/lib/liboah.dylib
0x00007fff20286000 	/usr/lib/libc++.1.dylib
0x00007fff203a1000 	/System/Library/Frameworks/CoreFoundation.framework/Versions/A/CoreFoundation
0x00007fff21083000 	/System/Library/Frameworks/Foundation.framework/Versions/C/Foundation
0x00007fff22b37000 	/System/Library/Frameworks/AppKit.framework/Versions/C/AppKit
0x00007fff259f5000 	/System/Library/Frameworks/CoreData.framework/Versions/A/CoreData
0x00007fff2389a000 	/System/Library/PrivateFrameworks/UIFoundation.framework/Versions/A/UIFoundation
0x00007fff2fe44000 	/System/Library/PrivateFrameworks/RemoteViewServices.framework/Versions/A/RemoteViewServices
0x00007fff28bd1000 	/System/Library/PrivateFrameworks/XCTTargetBootstrap.framework/Versions/A/XCTTargetBootstrap
0x00007fff2b920000 	/usr/lib/libspindump.dylib
0x00007fff23aef000 	/System/Library/Frameworks/UniformTypeIdentifiers.framework/Versions/A/UniformTypeIdentifiers
0x00007fff273a7000 	/usr/lib/libapp_launch_measurement.dylib
0x00007fff273aa000 	/System/Library/PrivateFrameworks/CoreAutoLayout.framework/Versions/A/CoreAutoLayout
0x00007fff28533000 	/System/Library/Frameworks/Metal.framework/Versions/A/Metal
0x00007fff29227000 	/usr/lib/liblangid.dylib
0x00007fff28bd5000 	/System/Library/PrivateFrameworks/CoreSVG.framework/Versions/A/CoreSVG
0x00007fff24ad6000 	/System/Library/PrivateFrameworks/SkyLight.framework/Versions/A/SkyLight
0x00007fff24e3d000 	/System/Library/Frameworks/CoreGraphics.framework/Versions/A/CoreGraphics
0x00007fff3049b000 	/System/Library/Frameworks/Accelerate.framework/Versions/A/Accelerate
0x00007fff2b35b000 	/System/Library/PrivateFrameworks/IconServices.framework/Versions/A/IconServices
0x00007fff28518000 	/System/Library/Frameworks/IOSurface.framework/Versions/A/IOSurface
0x00007fff26387000 	/usr/lib/libDiagnosticMessagesClient.dylib
0x00007fff28bbd000 	/System/Library/PrivateFrameworks/DFRFoundation.framework/Versions/A/DFRFoundation
0x00007fff22462000 	/usr/lib/libicucore.A.dylib
0x00007fff2ce65000 	/System/Library/Frameworks/AudioToolbox.framework/Versions/A/AudioToolbox
0x00007fff2c10a000 	/System/Library/PrivateFrameworks/DataDetectorsCore.framework/Versions/A/DataDetectorsCore
0x00007fff288bd000 	/System/Library/Frameworks/Carbon.framework/Versions/A/Frameworks/HIToolbox.framework/Versions/A/HIToolbox
0x00007fff26e02000 	/System/Library/Frameworks/QuartzCore.framework/Versions/A/QuartzCore
0x00007fff2fe80000 	/System/Library/Frameworks/Carbon.framework/Versions/A/Frameworks/SpeechRecognition.framework/Versions/A/SpeechRecognition
0x00007fff2710f000 	/System/Library/PrivateFrameworks/CoreUI.framework/Versions/A/CoreUI
0x00007fff21a6b000 	/System/Library/Frameworks/CoreAudio.framework/Versions/A/CoreAudio
0x00007fff26472000 	/System/Library/Frameworks/DiskArbitration.framework/Versions/A/DiskArbitration
0x00007fff2bd1a000 	/System/Library/PrivateFrameworks/MultitouchSupport.framework/Versions/A/MultitouchSupport
0x00007fff2c101000 	/System/Library/PrivateFrameworks/InternationalSupport.framework/Versions/A/InternationalSupport
0x00007fff24a4a000 	/usr/lib/libenergytrace.dylib
0x00007fff22a30000 	/System/Library/Frameworks/IOKit.framework/Versions/A/IOKit
0x00007fff301cd000 	/System/Library/Frameworks/CoreServices.framework/Versions/A/CoreServices
0x00007fff2733d000 	/System/Library/PrivateFrameworks/PerformanceAnalysis.framework/Versions/A/PerformanceAnalysis
0x00007fff6cb43000 	/System/Library/Frameworks/OpenGL.framework/Versions/A/OpenGL
0x00007fff2c186000 	/System/Library/PrivateFrameworks/UserActivity.framework/Versions/A/UserActivity
0x00007fff254f7000 	/System/Library/Frameworks/ColorSync.framework/Versions/A/ColorSync
0x00007fff28e3e000 	/System/Library/Frameworks/CoreImage.framework/Versions/A/CoreImage
0x00007fff21882000 	/System/Library/Frameworks/CoreText.framework/Versions/A/CoreText
0x00007fff28bff000 	/System/Library/Frameworks/ImageIO.framework/Versions/A/ImageIO
0x00007fff2a688000 	/System/Library/PrivateFrameworks/SoftLinking.framework/Versions/A/SoftLinking
0x00007fff273f3000 	/usr/lib/libxml2.2.dylib
0x00007fff2a8fa000 	/usr/lib/libcompression.dylib
0x00007fff24a4b000 	/usr/lib/libMobileGestalt.dylib
0x00007fff2c034000 	/System/Library/PrivateFrameworks/TextureIO.framework/Versions/A/TextureIO
0x00007fff2afe8000 	/usr/lib/libate.dylib
0x00007fff2ad13000 	/usr/lib/liblzma.5.dylib
0x00007fff20d97000 	/System/Library/Frameworks/SystemConfiguration.framework/Versions/A/SystemConfiguration
0x00007fff2a684000 	/usr/lib/libfakelink.dylib
0x00007fff2459d000 	/System/Library/Frameworks/CFNetwork.framework/Versions/A/CFNetwork
0x00007fff2a7c4000 	/usr/lib/libarchive.2.dylib
0x00007fff20e15000 	/usr/lib/libCRFSuite.dylib
0x00007fff29e52000 	/usr/lib/libbsm.0.dylib
0x00007fff23f59000 	/usr/lib/libnetwork.dylib
0x00007fff2a689000 	/usr/lib/libpcap.A.dylib
0x00007fff261ce000 	/usr/lib/libdns_services.dylib
0x00007fff2ad2c000 	/usr/lib/libcoretls_cfhelpers.dylib
0x00007fff2a8c8000 	/usr/lib/libapple_nghttp2.dylib
0x00007fff2a61c000 	/usr/lib/system/libkxld.dylib
0x00007fff25e3c000 	/usr/lib/libsqlite3.dylib
0x00007fff2a390000 	/System/Library/PrivateFrameworks/AppleFSCompression.framework/Versions/A/AppleFSCompression
0x00007fff29e3a000 	/usr/lib/libcoretls.dylib
0x00007fff2a8f5000 	/usr/lib/libpam.2.dylib
0x00007fff2ae29000 	/usr/lib/libxar.1.dylib
0x00007fff29223000 	/System/Library/PrivateFrameworks/AppleSystemInfo.framework/Versions/A/AppleSystemInfo
0x00007fff29a7d000 	/System/Library/PrivateFrameworks/IOMobileFramebuffer.framework/Versions/A/IOMobileFramebuffer
0x00007fff2a3a0000 	/usr/lib/libbz2.1.0.dylib
0x00007fff2a6c1000 	/usr/lib/libiconv.2.dylib
0x00007fff2a615000 	/usr/lib/libcharset.1.dylib
0x00007fff27379000 	/System/Library/Frameworks/CoreServices.framework/Versions/A/Frameworks/FSEvents.framework/Versions/A/FSEvents
0x00007fff226ce000 	/System/Library/Frameworks/CoreServices.framework/Versions/A/Frameworks/CarbonCore.framework/Versions/A/CarbonCore
0x00007fff263d7000 	/System/Library/Frameworks/CoreServices.framework/Versions/A/Frameworks/Metadata.framework/Versions/A/Metadata
0x00007fff2a3b3000 	/System/Library/Frameworks/CoreServices.framework/Versions/A/Frameworks/OSServices.framework/Versions/A/OSServices
0x00007fff2a836000 	/System/Library/Frameworks/CoreServices.framework/Versions/A/Frameworks/SearchKit.framework/Versions/A/SearchKit
0x00007fff26158000 	/System/Library/Frameworks/CoreServices.framework/Versions/A/Frameworks/AE.framework/Versions/A/AE
0x00007fff2083d000 	/System/Library/Frameworks/CoreServices.framework/Versions/A/Frameworks/LaunchServices.framework/Versions/A/LaunchServices
0x00007fff2acc4000 	/System/Library/Frameworks/CoreServices.framework/Versions/A/Frameworks/DictionaryServices.framework/Versions/A/DictionaryServices
0x00007fff27382000 	/System/Library/Frameworks/CoreServices.framework/Versions/A/Frameworks/SharedFileList.framework/Versions/A/SharedFileList
0x00007fff29e2e000 	/usr/lib/libCheckFix.dylib
0x00007fff24abe000 	/System/Library/PrivateFrameworks/TCC.framework/Versions/A/TCC
0x00007fff29229000 	/System/Library/PrivateFrameworks/CoreNLP.framework/Versions/A/CoreNLP
0x00007fff2638a000 	/System/Library/PrivateFrameworks/MetadataUtilities.framework/Versions/A/MetadataUtilities
0x00007fff20e4b000 	/usr/lib/libmecabra.dylib
0x00007fff2a142000 	/System/Library/Frameworks/MLCompute.framework/Versions/A/MLCompute
0x00007fff29e63000 	/usr/lib/libmecab.dylib
0x00007fff29ead000 	/usr/lib/libgermantok.dylib
0x00007fff2a89e000 	/usr/lib/libThaiTokenizer.dylib
0x00007fff2ae64000 	/usr/lib/libChineseTokenizer.dylib
0x00007fff2a8f3000 	/System/Library/Frameworks/MetalPerformanceShaders.framework/Versions/A/MetalPerformanceShaders
0x00007fff26479000 	/System/Library/Frameworks/Accelerate.framework/Versions/A/Frameworks/vImage.framework/Versions/A/vImage
0x00007fff301a6000 	/System/Library/Frameworks/Accelerate.framework/Versions/A/Frameworks/vecLib.framework/Versions/A/vecLib
0x00007fff2ae6f000 	/System/Library/Frameworks/Accelerate.framework/Versions/A/Frameworks/vecLib.framework/Versions/A/libvMisc.dylib
0x00007fff298d9000 	/System/Library/Frameworks/Accelerate.framework/Versions/A/Frameworks/vecLib.framework/Versions/A/libvDSP.dylib
0x00007fff20b41000 	/System/Library/Frameworks/Accelerate.framework/Versions/A/Frameworks/vecLib.framework/Versions/A/libBLAS.dylib
0x00007fff2a919000 	/System/Library/Frameworks/Accelerate.framework/Versions/A/Frameworks/vecLib.framework/Versions/A/libLAPACK.dylib
0x00007fff29eb3000 	/System/Library/Frameworks/Accelerate.framework/Versions/A/Frameworks/vecLib.framework/Versions/A/libLinearAlgebra.dylib
0x00007fff2a8e0000 	/System/Library/Frameworks/Accelerate.framework/Versions/A/Frameworks/vecLib.framework/Versions/A/libSparseBLAS.dylib
0x00007fff2a913000 	/System/Library/Frameworks/Accelerate.framework/Versions/A/Frameworks/vecLib.framework/Versions/A/libQuadrature.dylib
0x00007fff292d1000 	/System/Library/Frameworks/Accelerate.framework/Versions/A/Frameworks/vecLib.framework/Versions/A/libBNNS.dylib
0x00007fff20d28000 	/System/Library/Frameworks/Accelerate.framework/Versions/A/Frameworks/vecLib.framework/Versions/A/libSparse.dylib
0x00007fff291bc000 	/System/Library/Frameworks/MetalPerformanceShaders.framework/Versions/A/Frameworks/MPSCore.framework/Versions/A/MPSCore
0x00007fff2a2ff000 	/System/Library/Frameworks/MetalPerformanceShaders.framework/Versions/A/Frameworks/MPSImage.framework/Versions/A/MPSImage
0x00007fff29eca000 	/System/Library/Frameworks/MetalPerformanceShaders.framework/Versions/A/Frameworks/MPSNeuralNetwork.framework/Versions/A/MPSNeuralNetwork
0x00007fff2a28a000 	/System/Library/Frameworks/MetalPerformanceShaders.framework/Versions/A/Frameworks/MPSMatrix.framework/Versions/A/MPSMatrix
0x00007fff2a0f2000 	/System/Library/Frameworks/MetalPerformanceShaders.framework/Versions/A/Frameworks/MPSRayIntersector.framework/Versions/A/MPSRayIntersector
0x00007fff2a2c1000 	/System/Library/Frameworks/MetalPerformanceShaders.framework/Versions/A/Frameworks/MPSNDArray.framework/Versions/A/MPSNDArray
0x00007fff20a6d000 	/System/Library/PrivateFrameworks/MetalTools.framework/Versions/A/MetalTools
0x00007fff29221000 	/System/Library/PrivateFrameworks/AggregateDictionary.framework/Versions/A/AggregateDictionary
0x00007fff26362000 	/System/Library/PrivateFrameworks/CoreAnalytics.framework/Versions/A/CoreAnalytics
0x00007fff2a8a0000 	/System/Library/PrivateFrameworks/AppleSauce.framework/Versions/A/AppleSauce
0x00007fff2852a000 	/System/Library/PrivateFrameworks/IOAccelerator.framework/Versions/A/IOAccelerator
0x00007fff6cb37000 	/System/Library/Frameworks/OpenGL.framework/Versions/A/Libraries/libCoreFSCache.dylib
0x00007fff213e7000 	/System/Library/PrivateFrameworks/LanguageModeling.framework/Versions/A/LanguageModeling
0x00007fff29a6a000 	/System/Library/PrivateFrameworks/CoreEmoji.framework/Versions/A/CoreEmoji
0x00007fff292ca000 	/System/Library/PrivateFrameworks/LinguisticData.framework/Versions/A/LinguisticData
0x00007fff20cda000 	/System/Library/PrivateFrameworks/Lexicon.framework/Versions/A/Lexicon
0x00007fff2a7b2000 	/usr/lib/libcmph.dylib
0x00007fff27359000 	/System/Library/Frameworks/OpenDirectory.framework/Versions/A/Frameworks/CFOpenDirectory.framework/Versions/A/CFOpenDirectory
0x00007fff27349000 	/System/Library/Frameworks/OpenDirectory.framework/Versions/A/OpenDirectory
0x00007fff2ad2e000 	/System/Library/PrivateFrameworks/APFS.framework/Versions/A/APFS
0x00007fff29d8f000 	/System/Library/Frameworks/SecurityFoundation.framework/Versions/A/SecurityFoundation
0x00007fff2ae37000 	/usr/lib/libutil.dylib
0x00007fff229f5000 	/System/Library/PrivateFrameworks/CoreServicesStore.framework/Versions/A/CoreServicesStore
0x00007fff29e26000 	/System/Library/Frameworks/ServiceManagement.framework/Versions/A/ServiceManagement
0x00007fff2ae3b000 	/usr/lib/libxslt.1.dylib
0x00007fff29e1c000 	/System/Library/PrivateFrameworks/BackgroundTaskManagement.framework/Versions/A/BackgroundTaskManagement
0x00007fff2bf7f000 	/System/Library/Frameworks/ImageIO.framework/Versions/A/Resources/libRadiance.dylib
0x00007fff2bf88000 	/System/Library/Frameworks/ImageIO.framework/Versions/A/Resources/libJPEG.dylib
0x00007fff2bed4000 	/System/Library/Frameworks/ImageIO.framework/Versions/A/Resources/libPng.dylib
0x00007fff2befb000 	/System/Library/Frameworks/ImageIO.framework/Versions/A/Resources/libTIFF.dylib
0x00007fff2bfdd000 	/System/Library/Frameworks/ImageIO.framework/Versions/A/Resources/libGIF.dylib
0x00007fff2bc38000 	/System/Library/Frameworks/ImageIO.framework/Versions/A/Resources/libJP2.dylib
0x00007fff2b322000 	/usr/lib/libexpat.1.dylib
0x00007fff2bbed000 	/System/Library/PrivateFrameworks/AppleJPEG.framework/Versions/A/AppleJPEG
0x00007fff28760000 	/System/Library/PrivateFrameworks/FontServices.framework/libFontParser.dylib
0x00007fff2610c000 	/System/Library/PrivateFrameworks/RunningBoardServices.framework/Versions/A/RunningBoardServices
0x00007fff2bd16000 	/System/Library/PrivateFrameworks/WatchdogClient.framework/Versions/A/WatchdogClient
0x00007fff214d4000 	/System/Library/Frameworks/CoreDisplay.framework/Versions/A/CoreDisplay
0x00007fff28676000 	/System/Library/Frameworks/CoreMedia.framework/Versions/A/CoreMedia
0x00007fff274d6000 	/System/Library/Frameworks/CoreVideo.framework/Versions/A/CoreVideo
0x00007fff2bd4e000 	/System/Library/Frameworks/VideoToolbox.framework/Versions/A/VideoToolbox
0x00007fff2608a000 	/System/Library/PrivateFrameworks/BaseBoard.framework/Versions/A/BaseBoard
0x00007fff2b467000 	/System/Library/PrivateFrameworks/PersistentConnection.framework/Versions/A/PersistentConnection
0x00007fff25e25000 	/System/Library/PrivateFrameworks/ProtocolBuffer.framework/Versions/A/ProtocolBuffer
0x00007fff26071000 	/System/Library/PrivateFrameworks/CommonUtilities.framework/Versions/A/CommonUtilities
0x00007fff2bb82000 	/System/Library/PrivateFrameworks/Bom.framework/Versions/A/Bom
0x00007fff2bf78000 	/System/Library/PrivateFrameworks/GPUWrangler.framework/Versions/A/GPUWrangler
0x00007fff2bf5b000 	/System/Library/PrivateFrameworks/IOPresentment.framework/Versions/A/IOPresentment
0x00007fff2bf82000 	/System/Library/PrivateFrameworks/DSExternalDisplay.framework/Versions/A/DSExternalDisplay
0x00007fff2bfe2000 	/System/Library/PrivateFrameworks/CMCaptureCore.framework/Versions/A/CMCaptureCore
0x00007fff2b907000 	/System/Library/PrivateFrameworks/AppServerSupport.framework/Versions/A/AppServerSupport
0x00007fff2d9b6000 	/System/Library/PrivateFrameworks/perfdata.framework/Versions/A/perfdata
0x00007fff29d7e000 	/System/Library/PrivateFrameworks/AssertionServices.framework/Versions/A/AssertionServices
0x00007fff2160b000 	/System/Library/PrivateFrameworks/AudioToolboxCore.framework/Versions/A/AudioToolboxCore
0x00007fff28659000 	/System/Library/PrivateFrameworks/caulk.framework/Versions/A/caulk
0x00007fff3d661000 	/System/Library/PrivateFrameworks/SystemPolicy.framework/Versions/A/SystemPolicy
0x00007fff2b117000 	/usr/lib/libIOReport.dylib
0x00007fff2d1d8000 	/usr/lib/libSMC.dylib
0x00007fff2bea1000 	/usr/lib/libAudioToolboxUtility.dylib
0x00007fff3dfcb000 	/usr/lib/libmis.dylib
0x00007fff6cb93000 	/System/Library/Frameworks/OpenGL.framework/Versions/A/Libraries/libGLU.dylib
0x00007fff6cb56000 	/System/Library/Frameworks/OpenGL.framework/Versions/A/Libraries/libGFXShared.dylib
0x00007fff6cd65000 	/System/Library/Frameworks/OpenGL.framework/Versions/A/Libraries/libGL.dylib
0x00007fff6cb5f000 	/System/Library/Frameworks/OpenGL.framework/Versions/A/Libraries/libGLImage.dylib
0x00007fff6cb53000 	/System/Library/Frameworks/OpenGL.framework/Versions/A/Libraries/libCVMSPluginSupport.dylib
0x00007fff6cb3e000 	/System/Library/Frameworks/OpenGL.framework/Versions/A/Libraries/libCoreVMClient.dylib
0x00007fff6e1a6000 	/System/Library/Frameworks/OpenCL.framework/Versions/A/OpenCL
0x00007fff2b491000 	/System/Library/PrivateFrameworks/GraphVisualizer.framework/Versions/A/GraphVisualizer
0x00007fff2b4a0000 	/System/Library/PrivateFrameworks/FaceCore.framework/Versions/A/FaceCore
0x00007fff2b8bc000 	/System/Library/PrivateFrameworks/OTSVG.framework/Versions/A/OTSVG
0x00007fff270cd000 	/System/Library/Frameworks/ApplicationServices.framework/Versions/A/Frameworks/ATS.framework/Versions/A/Resources/libFontRegistry.dylib
0x00007fff2b90e000 	/System/Library/PrivateFrameworks/FontServices.framework/libhvf.dylib
0x00007fff2b2ce000 	/System/Library/PrivateFrameworks/AppleVA.framework/Versions/A/AppleVA
0x00007fff2d021000 	/System/Library/Frameworks/ApplicationServices.framework/Versions/A/Frameworks/ATS.framework/Versions/A/ATS
0x00007fff2d333000 	/System/Library/Frameworks/ApplicationServices.framework/Versions/A/Frameworks/ColorSyncLegacy.framework/Versions/A/ColorSyncLegacy
0x00007fff255ee000 	/System/Library/Frameworks/ApplicationServices.framework/Versions/A/Frameworks/HIServices.framework/Versions/A/HIServices
0x00007fff2d318000 	/System/Library/Frameworks/ApplicationServices.framework/Versions/A/Frameworks/LangAnalysis.framework/Versions/A/LangAnalysis
0x00007fff2bfec000 	/System/Library/Frameworks/ApplicationServices.framework/Versions/A/Frameworks/PrintCore.framework/Versions/A/PrintCore
0x00007fff2d33b000 	/System/Library/Frameworks/ApplicationServices.framework/Versions/A/Frameworks/QD.framework/Versions/A/QD
0x00007fff2d011000 	/System/Library/Frameworks/ApplicationServices.framework/Versions/A/Frameworks/SpeechSynthesis.framework/Versions/A/SpeechSynthesis
0x00007fff2bfad000 	/System/Library/Frameworks/ApplicationServices.framework/Versions/A/Frameworks/ATSUI.framework/Versions/A/ATSUI
0x00007fff2d2b8000 	/usr/lib/libcups.2.dylib
0x00007fff2d328000 	/System/Library/PrivateFrameworks/NetAuth.framework/Versions/A/NetAuth
0x00007fff2d9d2000 	/System/Library/Frameworks/Kerberos.framework/Versions/A/Kerberos
0x00007fff2d9e2000 	/System/Library/Frameworks/GSS.framework/Versions/A/GSS
0x00007fff2d08d000 	/usr/lib/libresolv.9.dylib
0x00007fff2b923000 	/System/Library/PrivateFrameworks/Heimdal.framework/Versions/A/Heimdal
0x00007fff33766000 	/System/Library/Frameworks/Kerberos.framework/Versions/A/Libraries/libHeimdalProxy.dylib
0x00007fff261dd000 	/System/Library/Frameworks/Network.framework/Versions/A/Network
0x00007fff2b33c000 	/usr/lib/libheimdal-asn1.dylib
0x00007fff2da32000 	/System/Library/PrivateFrameworks/CommonAuth.framework/Versions/A/CommonAuth
0x00007fff27523000 	/System/Library/PrivateFrameworks/login.framework/Versions/A/Frameworks/loginsupport.framework/Versions/A/loginsupport
0x00007fff2cf96000 	/System/Library/PrivateFrameworks/AudioSession.framework/Versions/A/AudioSession
0x00007fff2cffe000 	/usr/lib/libAudioStatistics.dylib
0x00007fff2b3c9000 	/System/Library/PrivateFrameworks/MediaExperience.framework/Versions/A/MediaExperience
0x00007fff2ce33000 	/System/Library/PrivateFrameworks/AudioSession.framework/libSessionUtility.dylib
0x00007fff2d9c3000 	/usr/lib/libperfcheck.dylib
0x00007fff2d347000 	/System/Library/PrivateFrameworks/AudioResourceArbitration.framework/Versions/A/AudioResourceArbitration
0x00007fff2b346000 	/System/Library/PrivateFrameworks/IconFoundation.framework/Versions/A/IconFoundation
0x00007fff2fe70000 	/System/Library/PrivateFrameworks/SpeechRecognitionCore.framework/Versions/A/SpeechRecognitionCore
0x00007fff5df6d000 	/System/Library/CoreServices/Encodings/libKoreanConverter.dylib
0x000000010d800000 	/Applications/Eclipse.app/Contents/Eclipse/plugins/org.eclipse.justj.openjdk.hotspot.jre.full.macosx.x86_64_15.0.2.v20210201-0955/jre/lib/server/libjvm.dylib
0x00000001091eb000 	/Applications/Eclipse.app/Contents/Eclipse/plugins/org.eclipse.justj.openjdk.hotspot.jre.full.macosx.x86_64_15.0.2.v20210201-0955/jre/lib/libjimage.dylib
0x000000010924d000 	/Applications/Eclipse.app/Contents/Eclipse/plugins/org.eclipse.justj.openjdk.hotspot.jre.full.macosx.x86_64_15.0.2.v20210201-0955/jre/lib/libjava.dylib
0x000000010956c000 	/Applications/Eclipse.app/Contents/Eclipse/plugins/org.eclipse.justj.openjdk.hotspot.jre.full.macosx.x86_64_15.0.2.v20210201-0955/jre/lib/libzip.dylib
0x00000001096ba000 	/Applications/Eclipse.app/Contents/Eclipse/plugins/org.eclipse.justj.openjdk.hotspot.jre.full.macosx.x86_64_15.0.2.v20210201-0955/jre/lib/libnio.dylib
0x00000001096e8000 	/Applications/Eclipse.app/Contents/Eclipse/plugins/org.eclipse.justj.openjdk.hotspot.jre.full.macosx.x86_64_15.0.2.v20210201-0955/jre/lib/libnet.dylib


VM Arguments:
jvm_args: -Dfile.encoding=UTF-8 -XX:+ShowCodeDetailsInExceptionMessages 
java_command: week5.Calculator
java_class_path (initial): /Users/jangjinyoung/eclipse-workspace/CP1-05-202102695/bin
Launcher Type: SUN_STANDARD

[Global flags]
     intx CICompilerCount                          = 4                                         {product} {ergonomic}
     uint ConcGCThreads                            = 2                                         {product} {ergonomic}
     uint G1ConcRefinementThreads                  = 8                                         {product} {ergonomic}
   size_t G1HeapRegionSize                         = 2097152                                   {product} {ergonomic}
    uintx GCDrainStackTargetSize                   = 64                                        {product} {ergonomic}
   size_t InitialHeapSize                          = 268435456                                 {product} {ergonomic}
   size_t MarkStackSize                            = 4194304                                   {product} {ergonomic}
   size_t MaxHeapSize                              = 4294967296                                {product} {ergonomic}
   size_t MaxNewSize                               = 2575302656                                {product} {ergonomic}
   size_t MinHeapDeltaBytes                        = 2097152                                   {product} {ergonomic}
   size_t MinHeapSize                              = 8388608                                   {product} {ergonomic}
    uintx NonNMethodCodeHeapSize                   = 5839372                                {pd product} {ergonomic}
    uintx NonProfiledCodeHeapSize                  = 122909434                              {pd product} {ergonomic}
    uintx ProfiledCodeHeapSize                     = 122909434                              {pd product} {ergonomic}
    uintx ReservedCodeCacheSize                    = 251658240                              {pd product} {ergonomic}
     bool SegmentedCodeCache                       = true                                      {product} {ergonomic}
     bool ShowCodeDetailsInExceptionMessages       = true                                   {manageable} {command line}
   size_t SoftMaxHeapSize                          = 4294967296                             {manageable} {ergonomic}
     bool UseCompressedClassPointers               = true                                 {lp64_product} {ergonomic}
     bool UseCompressedOops                        = true                                 {lp64_product} {ergonomic}
     bool UseG1GC                                  = true                                      {product} {ergonomic}
     bool UseNUMA                                  = false                                     {product} {ergonomic}
     bool UseNUMAInterleaving                      = false                                     {product} {ergonomic}

Logging:
Log output configuration:
 #0: stdout all=warning uptime,level,tags
 #1: stderr all=off uptime,level,tags

Environment Variables:
PATH=/usr/bin:/bin:/usr/sbin:/sbin
SHELL=/bin/zsh

Signal Handlers:
SIGSEGV: [libjvm.dylib+0xa01020], sa_mask[0]=11111111111111111111111111111111, sa_flags=SA_ONSTACK|SA_RESTART|SA_SIGINFO
SIGBUS: [libjvm.dylib+0xa01020], sa_mask[0]=11111111111111111111111111111111, sa_flags=SA_RESTART|SA_SIGINFO
SIGFPE: [libjvm.dylib+0xa01020], sa_mask[0]=11111111111111111111111111111111, sa_flags=SA_RESTART|SA_SIGINFO
SIGPIPE: [libjvm.dylib+0x82c500], sa_mask[0]=11111111111111111111111111111111, sa_flags=SA_RESTART|SA_SIGINFO
SIGXFSZ: [libjvm.dylib+0x82c500], sa_mask[0]=11111111111111111111111111111111, sa_flags=SA_RESTART|SA_SIGINFO
SIGILL: [libjvm.dylib+0xa01020], sa_mask[0]=11111111111111111111111111111111, sa_flags=SA_RESTART|SA_SIGINFO
SIGUSR2: [libjvm.dylib+0x82d010], sa_mask[0]=00100000000000000000000000000000, sa_flags=SA_RESTART|SA_SIGINFO
SIGHUP: [libjvm.dylib+0x82b710], sa_mask[0]=11111111111111111111111111111111, sa_flags=SA_RESTART|SA_SIGINFO
SIGINT: [libjvm.dylib+0x82b710], sa_mask[0]=11111111111111111111111111111111, sa_flags=SA_RESTART|SA_SIGINFO
SIGTERM: [libjvm.dylib+0x82b710], sa_mask[0]=11111111111111111111111111111111, sa_flags=SA_RESTART|SA_SIGINFO
SIGQUIT: [libjvm.dylib+0x82b710], sa_mask[0]=11111111111111111111111111111111, sa_flags=SA_RESTART|SA_SIGINFO


---------------  S Y S T E M  ---------------

OS:uname: Darwin 20.3.0 Darwin Kernel Version 20.3.0: Thu Jan 21 00:06:51 PST 2021; root:xnu-7195.81.3~1/RELEASE_ARM64_T8101 x86_64
OS uptime: 3 days 5:18 hours
rlimit (soft/hard): STACK 8176k/65520k , CORE 0k/infinity , NPROC 2666/4000 , NOFILE 10240/infinity , AS infinity/infinity , CPU infinity/infinity , DATA infinity/infinity , FSIZE infinity/infinity , MEMLOCK infinity/infinity , RSS infinity/infinity
load average: 2.50 2.44 2.27

CPU: total 8 (initial active 8) (1 cores per cpu, 1 threads per core) family 6 model 44 stepping 0 microcode 0x0, cmov, cx8, fxsr, mmx, sse, sse2, sse3, ssse3, sse4.1, sse4.2, popcnt, aes, clmul, tsc, tscinvbit, tscinv, clflush

Memory: 4k page, physical 16777216k(37752k free), swap 1048576k(993792k free)

vm_info: OpenJDK 64-Bit Server VM (15.0.2+7-27) for bsd-amd64 JRE (15.0.2+7-27), built on Dec  7 2020 20:01:12 by "mach5one" with clang 4.2.1 Compatible Apple LLVM 10.0.0 (clang-1000.11.45.5)

END.
