#
# A fatal error has been detected by the Java Runtime Environment:
#
#  SIGFPE (0x8) at pc=0x000000011783c148, pid=7974, tid=6659
#
# JRE version: OpenJDK Runtime Environment (15.0.2+7) (build 15.0.2+7-27)
# Java VM: OpenJDK 64-Bit Server VM (15.0.2+7-27, mixed mode, tiered, compressed oops, g1 gc, bsd-amd64)
# Problematic frame:
# j  week5.Calculator.main([Ljava/lang/String;)V+99
#
# No core dump will be written. Core dumps have been disabled. To enable core dumping, try "ulimit -c unlimited" before starting Java again
#
# If you would like to submit a bug report, please visit:
#   https://bugreport.java.com/bugreport/crash.jsp
#

---------------  S U M M A R Y ------------

Command Line: -Dfile.encoding=UTF-8 -XX:+ShowCodeDetailsInExceptionMessages week5.Calculator

Host: MacBookAir10,1 x86_64 2400 MHz, 8 cores, 16G, Darwin 20.3.0
Time: Tue Mar 30 22:07:22 2021 KST elapsed time: 4.288807 seconds (0d 0h 0m 4s)

---------------  T H R E A D  ---------------

Current thread (0x00007f878781be00):  JavaThread "main" [_thread_in_Java, id=6659, stack(0x000000030de5f000,0x000000030df5f000)]

Stack: [0x000000030de5f000,0x000000030df5f000],  sp=0x000000030df5eab8,  free space=1022k
Native frames: (J=compiled Java code, A=aot compiled Java code, j=interpreted, Vv=VM code, C=native code)
j  week5.Calculator.main([Ljava/lang/String;)V+99
v  ~StubRoutines::call_stub
V  [libjvm.dylib+0x4ae582]  _ZN9JavaCalls11call_helperEP9JavaValueRK12methodHandleP17JavaCallArgumentsP6Thread+0x2e2
V  [libjvm.dylib+0x50f169]  _ZL17jni_invoke_staticP7JNIEnv_P9JavaValueP8_jobject11JNICallTypeP10_jmethodIDP18JNI_ArgumentPusherP6Thread+0x1f9
V  [libjvm.dylib+0x51290e]  jni_CallStaticVoidMethod+0x19e
C  [libjli.dylib+0x4f3d]  JavaMain+0xc1d
C  [libjli.dylib+0x7659]  ThreadJavaMain+0x9
C  [libsystem_pthread.dylib+0x6950]  _pthread_start+0xe0
C  [libsystem_pthread.dylib+0x247b]  thread_start+0xf


siginfo: si_signo: 8 (SIGFPE), si_code: 5 (FPE_FLTINV), si_addr: 0x000000011783c148

Register to memory mapping:

RAX=0x0000000000000003 is an unknown value
RBX=0x000000000000006c is an unknown value
RCX=0x0 is NULL
RDX=0x0 is NULL
RSP=0x000000030df5eab8 is pointing into the stack for thread: 0x00007f878781be00
RBP=0x000000030df5eb08 is pointing into the stack for thread: 0x00007f878781be00
RSI=0x0000000000000001 is an unknown value
RDI=0x0000000000000001 is an unknown value
R8 =0x000000013204bbd8 is pointing into metadata
R9 =0x00007f8786c7d980 points into unknown readable memory: 0x0000000132428590 | 90 85 42 32 01 00 00 00
R10=0x000000011244b9c0: _ZN19TemplateInterpreter13_active_tableE+0x2000 in /Applications/Eclipse.app/Contents/Eclipse/plugins/org.eclipse.justj.openjdk.hotspot.jre.full.macosx.x86_64_15.0.2.v20210201-0955/jre/lib/server/libjvm.dylib at 0x0000000111800000
R11=0x0 is NULL
R12=0x0 is NULL
R13=0x0000000132428521 is pointing into metadata
R14=0x000000030df5eb38 is pointing into the stack for thread: 0x00007f878781be00
R15=0x00007f878781be00 is a thread


Registers:
RAX=0x0000000000000003, RBX=0x000000000000006c, RCX=0x0000000000000000, RDX=0x0000000000000000
RSP=0x000000030df5eab8, RBP=0x000000030df5eb08, RSI=0x0000000000000001, RDI=0x0000000000000001
R8 =0x000000013204bbd8, R9 =0x00007f8786c7d980, R10=0x000000011244b9c0, R11=0x0000000000000000
R12=0x0000000000000000, R13=0x0000000132428521, R14=0x000000030df5eb38, R15=0x00007f878781be00
RIP=0x000000011783c148, EFLAGS=0x0000000000000a87, ERR=0x0000000000000000
  TRAPNO=0x0000000000000000

Top of Stack: (sp=0x000000030df5eab8)
0x000000030df5eab8:   000000070fe13af8 000000030df5eac0
0x000000030df5eac8:   000000013242851b 000000030df5eb38
0x000000030df5ead8:   0000000132428608 0000000000000000
0x000000030df5eae8:   000000070fefe068 0000000132428590
0x000000030df5eaf8:   0000000000000000 000000030df5eb38
0x000000030df5eb08:   000000030df5eba0 0000000117828947
0x000000030df5eb18:   0000000000000000 000000000000002f
0x000000030df5eb28:   0000000000000003 000000070ff2a938
0x000000030df5eb38:   000000070fefea18 bb47b6db00001fa0
0x000000030df5eb48:   00007f878781be00 000000030df5ece0
0x000000030df5eb58:   000000030df5ee90 000000030df5ecc8
0x000000030df5eb68:   0000000000000001 000000030df5ebf8
0x000000030df5eb78:   000000030df5ee98 000000000000000a
0x000000030df5eb88:   0000000132428590 0000000117835f20
0x000000030df5eb98:   000000030df5ece8 000000030df5ec80
0x000000030df5eba8:   0000000111cae582 0000000000000001
0x000000030df5ebb8:   00007f878781be00 00007f878781be00
0x000000030df5ebc8:   00007f8786d13030 00007f8786d13110
0x000000030df5ebd8:   00007f8786d13120 00007f8786d131f8
0x000000030df5ebe8:   00000000000000d8 00007f8786d13070
0x000000030df5ebf8:   00007f878781be00 00007f8786d143b0
0x000000030df5ec08:   0000000132428590 0000000000000000
0x000000030df5ec18:   0000000000000000 0000000000000000
0x000000030df5ec28:   0000000000000000 000000030df5ee90
0x000000030df5ec38:   0000000204faae7d 0000000117835f20
0x000000030df5ec48:   000000000000000f 0000000a8781be00
0x000000030df5ec58:   00007f878781be00 0000000000000008
0x000000030df5ec68:   000000030df5ee90 00007f8786d13000
0x000000030df5ec78:   000000030df5ece0 000000030df5ed90
0x000000030df5ec88:   0000000111d0f169 00007f8786d13990
0x000000030df5ec98:   00007f8786d139a0 00007f878781be00
0x000000030df5eca8:   000000030df5ee50 00007f8786d13d78 

Instructions: (pc=0x000000011783c148)
0x000000011783c048:   84 be 27 12 01 00 00 00 6a 00 00 00 00 00 00 00
0x000000011783c058:   00 00 00 00 00 00 00 00 f3 0f 10 04 24 48 83 c4
0x000000011783c068:   08 f3 0f 59 04 24 48 83 c4 08 41 0f b6 5d 01 49
0x000000011783c078:   ff c5 49 ba c0 c9 44 12 01 00 00 00 41 ff 24 da
0x000000011783c088:   00 00 00 00 00 00 00 00 00 00 00 00 00 00 00 00
0x000000011783c098:   00 00 00 00 00 00 00 00 60 00 00 00 00 00 00 00
0x000000011783c0a8:   89 be 27 12 01 00 00 00 6b 00 00 00 00 00 00 00
0x000000011783c0b8:   00 00 00 00 00 00 00 00 f2 0f 10 04 24 48 83 c4
0x000000011783c0c8:   10 f2 0f 59 04 24 48 83 c4 10 41 0f b6 5d 01 49
0x000000011783c0d8:   ff c5 49 ba c0 d1 44 12 01 00 00 00 41 ff 24 da
0x000000011783c0e8:   00 00 00 00 00 00 00 00 00 00 00 00 00 00 00 00
0x000000011783c0f8:   00 00 00 00 00 00 00 00 60 00 00 00 00 00 00 00
0x000000011783c108:   8e be 27 12 01 00 00 00 6c 00 00 00 00 00 00 00
0x000000011783c118:   00 00 00 00 00 00 00 00 8b 04 24 48 83 c4 08 8b
0x000000011783c128:   c8 8b 04 24 48 83 c4 08 81 f8 00 00 00 80 0f 85
0x000000011783c138:   0b 00 00 00 33 d2 83 f9 ff 0f 84 03 00 00 00 99
0x000000011783c148:   f7 f9 41 0f b6 5d 01 49 ff c5 49 ba c0 b9 44 12
0x000000011783c158:   01 00 00 00 41 ff 24 da 80 00 00 00 00 00 00 00
0x000000011783c168:   93 be 27 12 01 00 00 00 6d 00 00 00 00 00 00 00
0x000000011783c178:   00 00 00 00 00 00 00 00 48 8b 04 24 48 83 c4 10
0x000000011783c188:   48 8b c8 48 8b 04 24 48 83 c4 10 48 85 c9 0f 84
0x000000011783c198:   73 9a ff ff 48 3b 05 ad a9 ab fa 0f 85 0c 00 00
0x000000011783c1a8:   00 33 d2 48 83 f9 ff 0f 84 05 00 00 00 48 99 48
0x000000011783c1b8:   f7 f9 41 0f b6 5d 01 49 ff c5 49 ba c0 c1 44 12
0x000000011783c1c8:   01 00 00 00 41 ff 24 da 00 00 00 00 00 00 00 00
0x000000011783c1d8:   00 00 00 00 00 00 00 00 60 00 00 00 00 00 00 00
0x000000011783c1e8:   98 be 27 12 01 00 00 00 6e 00 00 00 00 00 00 00
0x000000011783c1f8:   00 00 00 00 00 00 00 00 f3 0f 10 04 24 48 83 c4
0x000000011783c208:   08 0f 28 c8 f3 0f 10 04 24 48 83 c4 08 f3 0f 5e
0x000000011783c218:   c1 41 0f b6 5d 01 49 ff c5 49 ba c0 c9 44 12 01
0x000000011783c228:   00 00 00 41 ff 24 da 90 00 00 00 00 00 00 00 00
0x000000011783c238:   00 00 00 00 00 00 00 00 60 00 00 00 00 00 00 00 


Stack slot to memory mapping:
stack at sp + 0 slots: 0x000000070fe13af8 is an oop: java.io.PrintStream 
{0x000000070fe13af8} - klass: 'java/io/PrintStream'
stack at sp + 1 slots: 0x000000030df5eac0 is pointing into the stack for thread: 0x00007f878781be00
stack at sp + 2 slots: 0x000000013242851b is pointing into metadata
stack at sp + 3 slots: 0x000000030df5eb38 is pointing into the stack for thread: 0x00007f878781be00
stack at sp + 4 slots: 0x0000000132428608 is pointing into metadata
stack at sp + 5 slots: 0x0 is NULL
stack at sp + 6 slots: 0x000000070fefe068 is an oop: java.lang.Class 
{0x000000070fefe068} - klass: 'java/lang/Class'
stack at sp + 7 slots: {method} {0x0000000132428590} 'main' '([Ljava/lang/String;)V' in 'week5/Calculator'

idiv  108 idiv  [0x000000011783c120, 0x000000011783c160]  64 bytes
[MachCode]
  0x000000011783c120: 8b04 2448 | 83c4 088b | c88b 0424 | 4883 c408 | 81f8 0000 | 0080 0f85 | 0b00 0000 | 33d2 83f9 
  0x000000011783c140: ff0f 8403 | 0000 0099 | f7f9 410f | b65d 0149 | ffc5 49ba | c0b9 4412 | 0100 0000 | 41ff 24da 
[/MachCode]

---------------  P R O C E S S  ---------------

Threads class SMR info:
_java_thread_list=0x00007f8786c6c2b0, length=10, elements={
0x00007f878781be00, 0x00007f87870bf400, 0x00007f87870c1600, 0x00007f878786d400,
0x00007f878785e200, 0x00007f8787862a00, 0x00007f8787863000, 0x00007f8787860400,
0x00007f87870bfa00, 0x00007f87870cce00
}

Java Threads: ( => current thread )
=>0x00007f878781be00 JavaThread "main" [_thread_in_Java, id=6659, stack(0x000000030de5f000,0x000000030df5f000)]
  0x00007f87870bf400 JavaThread "Reference Handler" daemon [_thread_blocked, id=16387, stack(0x000000030e574000,0x000000030e674000)]
  0x00007f87870c1600 JavaThread "Finalizer" daemon [_thread_blocked, id=22019, stack(0x000000030e677000,0x000000030e777000)]
  0x00007f878786d400 JavaThread "Signal Dispatcher" daemon [_thread_blocked, id=24579, stack(0x000000030e88b000,0x000000030e98b000)]
  0x00007f878785e200 JavaThread "Service Thread" daemon [_thread_blocked, id=25091, stack(0x000000030e98e000,0x000000030ea8e000)]
  0x00007f8787862a00 JavaThread "C2 CompilerThread0" daemon [_thread_blocked, id=25347, stack(0x000000030ea91000,0x000000030eb91000)]
  0x00007f8787863000 JavaThread "C1 CompilerThread0" daemon [_thread_blocked, id=25859, stack(0x000000030eb94000,0x000000030ec94000)]
  0x00007f8787860400 JavaThread "Sweeper thread" daemon [_thread_blocked, id=26627, stack(0x000000030ec97000,0x000000030ed97000)]
  0x00007f87870bfa00 JavaThread "Notification Thread" daemon [_thread_blocked, id=27651, stack(0x000000030ed9a000,0x000000030ee9a000)]
  0x00007f87870cce00 JavaThread "Common-Cleaner" daemon [_thread_blocked, id=28931, stack(0x000000030efa0000,0x000000030f0a0000)]

Other Threads:
  0x00007f8786d4bd80 VMThread "VM Thread" [stack: 0x000000030e471000,0x000000030e571000] [id=17419]
  0x00007f8786c660a0 WatcherThread [stack: 0x000000030ee9d000,0x000000030ef9d000] [id=28163]
  0x00007f8786d1fda0 GCTaskThread "GC Thread#0" [stack: 0x000000030df62000,0x000000030e062000] [id=13827]
  0x00007f8786c12580 ConcurrentGCThread "G1 Main Marker" [stack: 0x000000030e065000,0x000000030e165000] [id=18435]
  0x00007f8786d20ac0 ConcurrentGCThread "G1 Conc#0" [stack: 0x000000030e168000,0x000000030e268000] [id=18179]
  0x00007f8786c2f320 ConcurrentGCThread "G1 Refine#0" [stack: 0x000000030e26b000,0x000000030e36b000] [id=15363]
  0x00007f8786c303c0 ConcurrentGCThread "G1 Young RemSet Sampling" [stack: 0x000000030e36e000,0x000000030e46e000] [id=15875]

Threads with active compile tasks:

VM state: not at safepoint (normal execution)

VM Mutex/Monitor currently owned by a thread: None

Heap address: 0x0000000700000000, size: 4096 MB, Compressed Oops mode: Zero based, Oop shift amount: 3
CDS disabled.
Compressed class space mapped at: 0x0000000800000000-0x0000000840000000, size: 1073741824
Narrow klass base: 0x0000000800000000, Narrow klass shift: 0, Narrow klass range: 0x40000000

GC Precious Log:
 CPUs: 8 total, 8 available
 Memory: 16384M
 Large Page Support: Disabled
 NUMA Support: Disabled
 Compressed Oops: Enabled (Zero based)
 Heap Region Size: 2M
 Heap Min Capacity: 8M
 Heap Initial Capacity: 256M
 Heap Max Capacity: 4G
 Pre-touch: Disabled
 Parallel Workers: 8
 Concurrent Workers: 2
 Concurrent Refinement Workers: 8
 Periodic GC: Disabled

Heap:
 garbage-first heap   total 262144K, used 0K [0x0000000700000000, 0x0000000800000000)
  region size 2048K, 1 young (2048K), 0 survivors (0K)
 Metaspace       used 6701K, capacity 6811K, committed 7040K, reserved 1056768K
  class space    used 567K, capacity 589K, committed 640K, reserved 1048576K

Heap Regions: E=young(eden), S=young(survivor), O=old, HS=humongous(starts), HC=humongous(continues), CS=collection set, F=free, OA=open archive, CA=closed archive, TAMS=top-at-mark-start (previous, next)
|   0|0x0000000700000000, 0x0000000700000000, 0x0000000700200000|  0%| F|  |TAMS 0x0000000700000000, 0x0000000700000000| Untracked 
|   1|0x0000000700200000, 0x0000000700200000, 0x0000000700400000|  0%| F|  |TAMS 0x0000000700200000, 0x0000000700200000| Untracked 
|   2|0x0000000700400000, 0x0000000700400000, 0x0000000700600000|  0%| F|  |TAMS 0x0000000700400000, 0x0000000700400000| Untracked 
|   3|0x0000000700600000, 0x0000000700600000, 0x0000000700800000|  0%| F|  |TAMS 0x0000000700600000, 0x0000000700600000| Untracked 
|   4|0x0000000700800000, 0x0000000700800000, 0x0000000700a00000|  0%| F|  |TAMS 0x0000000700800000, 0x0000000700800000| Untracked 
|   5|0x0000000700a00000, 0x0000000700a00000, 0x0000000700c00000|  0%| F|  |TAMS 0x0000000700a00000, 0x0000000700a00000| Untracked 
|   6|0x0000000700c00000, 0x0000000700c00000, 0x0000000700e00000|  0%| F|  |TAMS 0x0000000700c00000, 0x0000000700c00000| Untracked 
|   7|0x0000000700e00000, 0x0000000700e00000, 0x0000000701000000|  0%| F|  |TAMS 0x0000000700e00000, 0x0000000700e00000| Untracked 
|   8|0x0000000701000000, 0x0000000701000000, 0x0000000701200000|  0%| F|  |TAMS 0x0000000701000000, 0x0000000701000000| Untracked 
|   9|0x0000000701200000, 0x0000000701200000, 0x0000000701400000|  0%| F|  |TAMS 0x0000000701200000, 0x0000000701200000| Untracked 
|  10|0x0000000701400000, 0x0000000701400000, 0x0000000701600000|  0%| F|  |TAMS 0x0000000701400000, 0x0000000701400000| Untracked 
|  11|0x0000000701600000, 0x0000000701600000, 0x0000000701800000|  0%| F|  |TAMS 0x0000000701600000, 0x0000000701600000| Untracked 
|  12|0x0000000701800000, 0x0000000701800000, 0x0000000701a00000|  0%| F|  |TAMS 0x0000000701800000, 0x0000000701800000| Untracked 
|  13|0x0000000701a00000, 0x0000000701a00000, 0x0000000701c00000|  0%| F|  |TAMS 0x0000000701a00000, 0x0000000701a00000| Untracked 
|  14|0x0000000701c00000, 0x0000000701c00000, 0x0000000701e00000|  0%| F|  |TAMS 0x0000000701c00000, 0x0000000701c00000| Untracked 
|  15|0x0000000701e00000, 0x0000000701e00000, 0x0000000702000000|  0%| F|  |TAMS 0x0000000701e00000, 0x0000000701e00000| Untracked 
|  16|0x0000000702000000, 0x0000000702000000, 0x0000000702200000|  0%| F|  |TAMS 0x0000000702000000, 0x0000000702000000| Untracked 
|  17|0x0000000702200000, 0x0000000702200000, 0x0000000702400000|  0%| F|  |TAMS 0x0000000702200000, 0x0000000702200000| Untracked 
|  18|0x0000000702400000, 0x0000000702400000, 0x0000000702600000|  0%| F|  |TAMS 0x0000000702400000, 0x0000000702400000| Untracked 
|  19|0x0000000702600000, 0x0000000702600000, 0x0000000702800000|  0%| F|  |TAMS 0x0000000702600000, 0x0000000702600000| Untracked 
|  20|0x0000000702800000, 0x0000000702800000, 0x0000000702a00000|  0%| F|  |TAMS 0x0000000702800000, 0x0000000702800000| Untracked 
|  21|0x0000000702a00000, 0x0000000702a00000, 0x0000000702c00000|  0%| F|  |TAMS 0x0000000702a00000, 0x0000000702a00000| Untracked 
|  22|0x0000000702c00000, 0x0000000702c00000, 0x0000000702e00000|  0%| F|  |TAMS 0x0000000702c00000, 0x0000000702c00000| Untracked 
|  23|0x0000000702e00000, 0x0000000702e00000, 0x0000000703000000|  0%| F|  |TAMS 0x0000000702e00000, 0x0000000702e00000| Untracked 
|  24|0x0000000703000000, 0x0000000703000000, 0x0000000703200000|  0%| F|  |TAMS 0x0000000703000000, 0x0000000703000000| Untracked 
|  25|0x0000000703200000, 0x0000000703200000, 0x0000000703400000|  0%| F|  |TAMS 0x0000000703200000, 0x0000000703200000| Untracked 
|  26|0x0000000703400000, 0x0000000703400000, 0x0000000703600000|  0%| F|  |TAMS 0x0000000703400000, 0x0000000703400000| Untracked 
|  27|0x0000000703600000, 0x0000000703600000, 0x0000000703800000|  0%| F|  |TAMS 0x0000000703600000, 0x0000000703600000| Untracked 
|  28|0x0000000703800000, 0x0000000703800000, 0x0000000703a00000|  0%| F|  |TAMS 0x0000000703800000, 0x0000000703800000| Untracked 
|  29|0x0000000703a00000, 0x0000000703a00000, 0x0000000703c00000|  0%| F|  |TAMS 0x0000000703a00000, 0x0000000703a00000| Untracked 
|  30|0x0000000703c00000, 0x0000000703c00000, 0x0000000703e00000|  0%| F|  |TAMS 0x0000000703c00000, 0x0000000703c00000| Untracked 
|  31|0x0000000703e00000, 0x0000000703e00000, 0x0000000704000000|  0%| F|  |TAMS 0x0000000703e00000, 0x0000000703e00000| Untracked 
|  32|0x0000000704000000, 0x0000000704000000, 0x0000000704200000|  0%| F|  |TAMS 0x0000000704000000, 0x0000000704000000| Untracked 
|  33|0x0000000704200000, 0x0000000704200000, 0x0000000704400000|  0%| F|  |TAMS 0x0000000704200000, 0x0000000704200000| Untracked 
|  34|0x0000000704400000, 0x0000000704400000, 0x0000000704600000|  0%| F|  |TAMS 0x0000000704400000, 0x0000000704400000| Untracked 
|  35|0x0000000704600000, 0x0000000704600000, 0x0000000704800000|  0%| F|  |TAMS 0x0000000704600000, 0x0000000704600000| Untracked 
|  36|0x0000000704800000, 0x0000000704800000, 0x0000000704a00000|  0%| F|  |TAMS 0x0000000704800000, 0x0000000704800000| Untracked 
|  37|0x0000000704a00000, 0x0000000704a00000, 0x0000000704c00000|  0%| F|  |TAMS 0x0000000704a00000, 0x0000000704a00000| Untracked 
|  38|0x0000000704c00000, 0x0000000704c00000, 0x0000000704e00000|  0%| F|  |TAMS 0x0000000704c00000, 0x0000000704c00000| Untracked 
|  39|0x0000000704e00000, 0x0000000704e00000, 0x0000000705000000|  0%| F|  |TAMS 0x0000000704e00000, 0x0000000704e00000| Untracked 
|  40|0x0000000705000000, 0x0000000705000000, 0x0000000705200000|  0%| F|  |TAMS 0x0000000705000000, 0x0000000705000000| Untracked 
|  41|0x0000000705200000, 0x0000000705200000, 0x0000000705400000|  0%| F|  |TAMS 0x0000000705200000, 0x0000000705200000| Untracked 
|  42|0x0000000705400000, 0x0000000705400000, 0x0000000705600000|  0%| F|  |TAMS 0x0000000705400000, 0x0000000705400000| Untracked 
|  43|0x0000000705600000, 0x0000000705600000, 0x0000000705800000|  0%| F|  |TAMS 0x0000000705600000, 0x0000000705600000| Untracked 
|  44|0x0000000705800000, 0x0000000705800000, 0x0000000705a00000|  0%| F|  |TAMS 0x0000000705800000, 0x0000000705800000| Untracked 
|  45|0x0000000705a00000, 0x0000000705a00000, 0x0000000705c00000|  0%| F|  |TAMS 0x0000000705a00000, 0x0000000705a00000| Untracked 
|  46|0x0000000705c00000, 0x0000000705c00000, 0x0000000705e00000|  0%| F|  |TAMS 0x0000000705c00000, 0x0000000705c00000| Untracked 
|  47|0x0000000705e00000, 0x0000000705e00000, 0x0000000706000000|  0%| F|  |TAMS 0x0000000705e00000, 0x0000000705e00000| Untracked 
|  48|0x0000000706000000, 0x0000000706000000, 0x0000000706200000|  0%| F|  |TAMS 0x0000000706000000, 0x0000000706000000| Untracked 
|  49|0x0000000706200000, 0x0000000706200000, 0x0000000706400000|  0%| F|  |TAMS 0x0000000706200000, 0x0000000706200000| Untracked 
|  50|0x0000000706400000, 0x0000000706400000, 0x0000000706600000|  0%| F|  |TAMS 0x0000000706400000, 0x0000000706400000| Untracked 
|  51|0x0000000706600000, 0x0000000706600000, 0x0000000706800000|  0%| F|  |TAMS 0x0000000706600000, 0x0000000706600000| Untracked 
|  52|0x0000000706800000, 0x0000000706800000, 0x0000000706a00000|  0%| F|  |TAMS 0x0000000706800000, 0x0000000706800000| Untracked 
|  53|0x0000000706a00000, 0x0000000706a00000, 0x0000000706c00000|  0%| F|  |TAMS 0x0000000706a00000, 0x0000000706a00000| Untracked 
|  54|0x0000000706c00000, 0x0000000706c00000, 0x0000000706e00000|  0%| F|  |TAMS 0x0000000706c00000, 0x0000000706c00000| Untracked 
|  55|0x0000000706e00000, 0x0000000706e00000, 0x0000000707000000|  0%| F|  |TAMS 0x0000000706e00000, 0x0000000706e00000| Untracked 
|  56|0x0000000707000000, 0x0000000707000000, 0x0000000707200000|  0%| F|  |TAMS 0x0000000707000000, 0x0000000707000000| Untracked 
|  57|0x0000000707200000, 0x0000000707200000, 0x0000000707400000|  0%| F|  |TAMS 0x0000000707200000, 0x0000000707200000| Untracked 
|  58|0x0000000707400000, 0x0000000707400000, 0x0000000707600000|  0%| F|  |TAMS 0x0000000707400000, 0x0000000707400000| Untracked 
|  59|0x0000000707600000, 0x0000000707600000, 0x0000000707800000|  0%| F|  |TAMS 0x0000000707600000, 0x0000000707600000| Untracked 
|  60|0x0000000707800000, 0x0000000707800000, 0x0000000707a00000|  0%| F|  |TAMS 0x0000000707800000, 0x0000000707800000| Untracked 
|  61|0x0000000707a00000, 0x0000000707a00000, 0x0000000707c00000|  0%| F|  |TAMS 0x0000000707a00000, 0x0000000707a00000| Untracked 
|  62|0x0000000707c00000, 0x0000000707c00000, 0x0000000707e00000|  0%| F|  |TAMS 0x0000000707c00000, 0x0000000707c00000| Untracked 
|  63|0x0000000707e00000, 0x0000000707e00000, 0x0000000708000000|  0%| F|  |TAMS 0x0000000707e00000, 0x0000000707e00000| Untracked 
|  64|0x0000000708000000, 0x0000000708000000, 0x0000000708200000|  0%| F|  |TAMS 0x0000000708000000, 0x0000000708000000| Untracked 
|  65|0x0000000708200000, 0x0000000708200000, 0x0000000708400000|  0%| F|  |TAMS 0x0000000708200000, 0x0000000708200000| Untracked 
|  66|0x0000000708400000, 0x0000000708400000, 0x0000000708600000|  0%| F|  |TAMS 0x0000000708400000, 0x0000000708400000| Untracked 
|  67|0x0000000708600000, 0x0000000708600000, 0x0000000708800000|  0%| F|  |TAMS 0x0000000708600000, 0x0000000708600000| Untracked 
|  68|0x0000000708800000, 0x0000000708800000, 0x0000000708a00000|  0%| F|  |TAMS 0x0000000708800000, 0x0000000708800000| Untracked 
|  69|0x0000000708a00000, 0x0000000708a00000, 0x0000000708c00000|  0%| F|  |TAMS 0x0000000708a00000, 0x0000000708a00000| Untracked 
|  70|0x0000000708c00000, 0x0000000708c00000, 0x0000000708e00000|  0%| F|  |TAMS 0x0000000708c00000, 0x0000000708c00000| Untracked 
|  71|0x0000000708e00000, 0x0000000708e00000, 0x0000000709000000|  0%| F|  |TAMS 0x0000000708e00000, 0x0000000708e00000| Untracked 
|  72|0x0000000709000000, 0x0000000709000000, 0x0000000709200000|  0%| F|  |TAMS 0x0000000709000000, 0x0000000709000000| Untracked 
|  73|0x0000000709200000, 0x0000000709200000, 0x0000000709400000|  0%| F|  |TAMS 0x0000000709200000, 0x0000000709200000| Untracked 
|  74|0x0000000709400000, 0x0000000709400000, 0x0000000709600000|  0%| F|  |TAMS 0x0000000709400000, 0x0000000709400000| Untracked 
|  75|0x0000000709600000, 0x0000000709600000, 0x0000000709800000|  0%| F|  |TAMS 0x0000000709600000, 0x0000000709600000| Untracked 
|  76|0x0000000709800000, 0x0000000709800000, 0x0000000709a00000|  0%| F|  |TAMS 0x0000000709800000, 0x0000000709800000| Untracked 
|  77|0x0000000709a00000, 0x0000000709a00000, 0x0000000709c00000|  0%| F|  |TAMS 0x0000000709a00000, 0x0000000709a00000| Untracked 
|  78|0x0000000709c00000, 0x0000000709c00000, 0x0000000709e00000|  0%| F|  |TAMS 0x0000000709c00000, 0x0000000709c00000| Untracked 
|  79|0x0000000709e00000, 0x0000000709e00000, 0x000000070a000000|  0%| F|  |TAMS 0x0000000709e00000, 0x0000000709e00000| Untracked 
|  80|0x000000070a000000, 0x000000070a000000, 0x000000070a200000|  0%| F|  |TAMS 0x000000070a000000, 0x000000070a000000| Untracked 
|  81|0x000000070a200000, 0x000000070a200000, 0x000000070a400000|  0%| F|  |TAMS 0x000000070a200000, 0x000000070a200000| Untracked 
|  82|0x000000070a400000, 0x000000070a400000, 0x000000070a600000|  0%| F|  |TAMS 0x000000070a400000, 0x000000070a400000| Untracked 
|  83|0x000000070a600000, 0x000000070a600000, 0x000000070a800000|  0%| F|  |TAMS 0x000000070a600000, 0x000000070a600000| Untracked 
|  84|0x000000070a800000, 0x000000070a800000, 0x000000070aa00000|  0%| F|  |TAMS 0x000000070a800000, 0x000000070a800000| Untracked 
|  85|0x000000070aa00000, 0x000000070aa00000, 0x000000070ac00000|  0%| F|  |TAMS 0x000000070aa00000, 0x000000070aa00000| Untracked 
|  86|0x000000070ac00000, 0x000000070ac00000, 0x000000070ae00000|  0%| F|  |TAMS 0x000000070ac00000, 0x000000070ac00000| Untracked 
|  87|0x000000070ae00000, 0x000000070ae00000, 0x000000070b000000|  0%| F|  |TAMS 0x000000070ae00000, 0x000000070ae00000| Untracked 
|  88|0x000000070b000000, 0x000000070b000000, 0x000000070b200000|  0%| F|  |TAMS 0x000000070b000000, 0x000000070b000000| Untracked 
|  89|0x000000070b200000, 0x000000070b200000, 0x000000070b400000|  0%| F|  |TAMS 0x000000070b200000, 0x000000070b200000| Untracked 
|  90|0x000000070b400000, 0x000000070b400000, 0x000000070b600000|  0%| F|  |TAMS 0x000000070b400000, 0x000000070b400000| Untracked 
|  91|0x000000070b600000, 0x000000070b600000, 0x000000070b800000|  0%| F|  |TAMS 0x000000070b600000, 0x000000070b600000| Untracked 
|  92|0x000000070b800000, 0x000000070b800000, 0x000000070ba00000|  0%| F|  |TAMS 0x000000070b800000, 0x000000070b800000| Untracked 
|  93|0x000000070ba00000, 0x000000070ba00000, 0x000000070bc00000|  0%| F|  |TAMS 0x000000070ba00000, 0x000000070ba00000| Untracked 
|  94|0x000000070bc00000, 0x000000070bc00000, 0x000000070be00000|  0%| F|  |TAMS 0x000000070bc00000, 0x000000070bc00000| Untracked 
|  95|0x000000070be00000, 0x000000070be00000, 0x000000070c000000|  0%| F|  |TAMS 0x000000070be00000, 0x000000070be00000| Untracked 
|  96|0x000000070c000000, 0x000000070c000000, 0x000000070c200000|  0%| F|  |TAMS 0x000000070c000000, 0x000000070c000000| Untracked 
|  97|0x000000070c200000, 0x000000070c200000, 0x000000070c400000|  0%| F|  |TAMS 0x000000070c200000, 0x000000070c200000| Untracked 
|  98|0x000000070c400000, 0x000000070c400000, 0x000000070c600000|  0%| F|  |TAMS 0x000000070c400000, 0x000000070c400000| Untracked 
|  99|0x000000070c600000, 0x000000070c600000, 0x000000070c800000|  0%| F|  |TAMS 0x000000070c600000, 0x000000070c600000| Untracked 
| 100|0x000000070c800000, 0x000000070c800000, 0x000000070ca00000|  0%| F|  |TAMS 0x000000070c800000, 0x000000070c800000| Untracked 
| 101|0x000000070ca00000, 0x000000070ca00000, 0x000000070cc00000|  0%| F|  |TAMS 0x000000070ca00000, 0x000000070ca00000| Untracked 
| 102|0x000000070cc00000, 0x000000070cc00000, 0x000000070ce00000|  0%| F|  |TAMS 0x000000070cc00000, 0x000000070cc00000| Untracked 
| 103|0x000000070ce00000, 0x000000070ce00000, 0x000000070d000000|  0%| F|  |TAMS 0x000000070ce00000, 0x000000070ce00000| Untracked 
| 104|0x000000070d000000, 0x000000070d000000, 0x000000070d200000|  0%| F|  |TAMS 0x000000070d000000, 0x000000070d000000| Untracked 
| 105|0x000000070d200000, 0x000000070d200000, 0x000000070d400000|  0%| F|  |TAMS 0x000000070d200000, 0x000000070d200000| Untracked 
| 106|0x000000070d400000, 0x000000070d400000, 0x000000070d600000|  0%| F|  |TAMS 0x000000070d400000, 0x000000070d400000| Untracked 
| 107|0x000000070d600000, 0x000000070d600000, 0x000000070d800000|  0%| F|  |TAMS 0x000000070d600000, 0x000000070d600000| Untracked 
| 108|0x000000070d800000, 0x000000070d800000, 0x000000070da00000|  0%| F|  |TAMS 0x000000070d800000, 0x000000070d800000| Untracked 
| 109|0x000000070da00000, 0x000000070da00000, 0x000000070dc00000|  0%| F|  |TAMS 0x000000070da00000, 0x000000070da00000| Untracked 
| 110|0x000000070dc00000, 0x000000070dc00000, 0x000000070de00000|  0%| F|  |TAMS 0x000000070dc00000, 0x000000070dc00000| Untracked 
| 111|0x000000070de00000, 0x000000070de00000, 0x000000070e000000|  0%| F|  |TAMS 0x000000070de00000, 0x000000070de00000| Untracked 
| 112|0x000000070e000000, 0x000000070e000000, 0x000000070e200000|  0%| F|  |TAMS 0x000000070e000000, 0x000000070e000000| Untracked 
| 113|0x000000070e200000, 0x000000070e200000, 0x000000070e400000|  0%| F|  |TAMS 0x000000070e200000, 0x000000070e200000| Untracked 
| 114|0x000000070e400000, 0x000000070e400000, 0x000000070e600000|  0%| F|  |TAMS 0x000000070e400000, 0x000000070e400000| Untracked 
| 115|0x000000070e600000, 0x000000070e600000, 0x000000070e800000|  0%| F|  |TAMS 0x000000070e600000, 0x000000070e600000| Untracked 
| 116|0x000000070e800000, 0x000000070e800000, 0x000000070ea00000|  0%| F|  |TAMS 0x000000070e800000, 0x000000070e800000| Untracked 
| 117|0x000000070ea00000, 0x000000070ea00000, 0x000000070ec00000|  0%| F|  |TAMS 0x000000070ea00000, 0x000000070ea00000| Untracked 
| 118|0x000000070ec00000, 0x000000070ec00000, 0x000000070ee00000|  0%| F|  |TAMS 0x000000070ec00000, 0x000000070ec00000| Untracked 
| 119|0x000000070ee00000, 0x000000070ee00000, 0x000000070f000000|  0%| F|  |TAMS 0x000000070ee00000, 0x000000070ee00000| Untracked 
| 120|0x000000070f000000, 0x000000070f000000, 0x000000070f200000|  0%| F|  |TAMS 0x000000070f000000, 0x000000070f000000| Untracked 
| 121|0x000000070f200000, 0x000000070f200000, 0x000000070f400000|  0%| F|  |TAMS 0x000000070f200000, 0x000000070f200000| Untracked 
| 122|0x000000070f400000, 0x000000070f400000, 0x000000070f600000|  0%| F|  |TAMS 0x000000070f400000, 0x000000070f400000| Untracked 
| 123|0x000000070f600000, 0x000000070f600000, 0x000000070f800000|  0%| F|  |TAMS 0x000000070f600000, 0x000000070f600000| Untracked 
| 124|0x000000070f800000, 0x000000070f800000, 0x000000070fa00000|  0%| F|  |TAMS 0x000000070f800000, 0x000000070f800000| Untracked 
| 125|0x000000070fa00000, 0x000000070fa00000, 0x000000070fc00000|  0%| F|  |TAMS 0x000000070fa00000, 0x000000070fa00000| Untracked 
| 126|0x000000070fc00000, 0x000000070fc00000, 0x000000070fe00000|  0%| F|  |TAMS 0x000000070fc00000, 0x000000070fc00000| Untracked 
| 127|0x000000070fe00000, 0x0000000710000000, 0x0000000710000000|100%| E|  |TAMS 0x000000070fe00000, 0x000000070fe00000| Complete 

Card table byte_map: [0x0000000127028000,0x0000000127828000] _byte_map_base: 0x0000000123828000

Marking Bits (Prev, Next): (CMBitMap*) 0x00007f878700d410, (CMBitMap*) 0x00007f878700d450
 Prev Bits: [0x0000000128028000, 0x000000012c028000)
 Next Bits: [0x000000012c028000, 0x0000000130028000)

Polling page: 0x0000000104dbc000

Metaspace:

Usage:
  Non-class:      6.08 MB capacity,     5.99 MB ( 99%) used,    86.14 KB (  1%) free+waste,     2.44 KB ( <1%) overhead. 
      Class:    589.00 KB capacity,   567.72 KB ( 96%) used,    20.41 KB (  3%) free+waste,   896 bytes ( <1%) overhead. 
       Both:      6.65 MB capacity,     6.54 MB ( 98%) used,   106.55 KB (  2%) free+waste,     3.31 KB ( <1%) overhead. 

Virtual space:
  Non-class space:        8.00 MB reserved,       6.25 MB ( 78%) committed 
      Class space:        1.00 GB reserved,     640.00 KB ( <1%) committed 
             Both:        1.01 GB reserved,       6.88 MB ( <1%) committed 

Chunk freelists:
   Non-Class:  18.00 KB
       Class:  19.00 KB
        Both:  37.00 KB

MaxMetaspaceSize: 17179869184.00 GB
CompressedClassSpaceSize: 1.00 GB

CodeHeap 'non-profiled nmethods': size=120028Kb used=53Kb max_used=53Kb free=119974Kb
 bounds [0x000000011f2f1000, 0x000000011f561000, 0x0000000126828000]
CodeHeap 'profiled nmethods': size=120028Kb used=242Kb max_used=242Kb free=119785Kb
 bounds [0x0000000117dba000, 0x000000011802a000, 0x000000011f2f1000]
CodeHeap 'non-nmethods': size=5704Kb used=1108Kb max_used=1113Kb free=4595Kb
 bounds [0x0000000117828000, 0x0000000117a98000, 0x0000000117dba000]
 total_blobs=552 nmethods=198 adapters=269
 compilation: enabled
              stopped_count=0, restarted_count=0
 full_count=0

Compilation events (20 events):
Event: 0.192 Thread 0x00007f8787863000  182       3       java.util.regex.Pattern::isSupplementary (21 bytes)
Event: 0.192 Thread 0x00007f8787863000 nmethod 182 0x0000000117df0d10 code [0x0000000117df0ea0, 0x0000000117df1110]
Event: 0.192 Thread 0x00007f8787863000  187       3       java.lang.invoke.MethodType$ConcurrentWeakInternSet::get (47 bytes)
Event: 0.192 Thread 0x00007f8787863000 nmethod 187 0x0000000117df1210 code [0x0000000117df1440, 0x0000000117df1d90]
Event: 0.192 Thread 0x00007f8787863000  188       3       java.lang.AbstractStringBuilder::newCapacity (59 bytes)
Event: 0.193 Thread 0x00007f8787863000 nmethod 188 0x0000000117df2110 code [0x0000000117df2300, 0x0000000117df2830]
Event: 0.194 Thread 0x00007f8787863000  189       3       java.util.regex.Pattern::has (15 bytes)
Event: 0.194 Thread 0x00007f8787863000 nmethod 189 0x0000000117df2a10 code [0x0000000117df2ba0, 0x0000000117df2cf0]
Event: 0.194 Thread 0x00007f8787863000  191   !   3       java.lang.invoke.MemberName::getMethodType (203 bytes)
Event: 0.195 Thread 0x00007f8787863000 nmethod 191 0x0000000117df2d90 code [0x0000000117df3060, 0x0000000117df4630]
Event: 0.195 Thread 0x00007f8787863000  193       3       java.lang.invoke.MethodType::equals (56 bytes)
Event: 0.195 Thread 0x00007f8787863000 nmethod 193 0x0000000117df4c10 code [0x0000000117df4e20, 0x0000000117df5970]
Event: 0.195 Thread 0x00007f8787863000  196       3       java.util.regex.Pattern::peek (26 bytes)
Event: 0.195 Thread 0x00007f8787863000 nmethod 196 0x0000000117df5b10 code [0x0000000117df5cc0, 0x0000000117df5f20]
Event: 0.195 Thread 0x00007f8787863000  192       1       sun.invoke.util.Wrapper::basicTypeChar (5 bytes)
Event: 0.195 Thread 0x00007f8787863000 nmethod 192 0x000000011f2fe190 code [0x000000011f2fe320, 0x000000011f2fe3d0]
Event: 0.195 Thread 0x00007f8787863000  197       3       java.util.regex.ASCII::isAscii (13 bytes)
Event: 0.195 Thread 0x00007f8787863000 nmethod 197 0x0000000117df6090 code [0x0000000117df6220, 0x0000000117df6350]
Event: 0.195 Thread 0x00007f8787863000  198       3       java.util.regex.Pattern::next (33 bytes)
Event: 0.195 Thread 0x00007f8787863000 nmethod 198 0x0000000117df6410 code [0x0000000117df65c0, 0x0000000117df6820]

GC Heap History (0 events):
No events

Deoptimization events (8 events):
Event: 0.101 Thread 0x00007f878781be00 Uncommon trap: trap_request=0xffffff45 fr.pc=0x000000011f2f5218 relative=0x0000000000000198
Event: 0.101 Thread 0x00007f878781be00 Uncommon trap: reason=unstable_if action=reinterpret pc=0x000000011f2f5218 method=java.lang.String.hashCode()I @ 42 c2
Event: 0.101 Thread 0x00007f878781be00 DEOPT PACKING pc=0x000000011f2f5218 sp=0x000000030df5d640
Event: 0.101 Thread 0x00007f878781be00 DEOPT UNPACKING pc=0x0000000117875e1f sp=0x000000030df5d5f8 mode 2
Event: 0.187 Thread 0x00007f878781be00 Uncommon trap: trap_request=0xffffff45 fr.pc=0x000000011f2fc158 relative=0x0000000000000058
Event: 0.187 Thread 0x00007f878781be00 Uncommon trap: reason=unstable_if action=reinterpret pc=0x000000011f2fc158 method=java.lang.String.isLatin1()Z @ 10 c2
Event: 0.187 Thread 0x00007f878781be00 DEOPT PACKING pc=0x000000011f2fc158 sp=0x000000030df5e400
Event: 0.188 Thread 0x00007f878781be00 DEOPT UNPACKING pc=0x0000000117875e1f sp=0x000000030df5e3b0 mode 2

Classes unloaded (0 events):
No events

Classes redefined (0 events):
No events

Internal exceptions (0 events):
No events

Events (20 events):
Event: 0.190 loading class java/math/RoundingMode
Event: 0.190 loading class java/math/RoundingMode done
Event: 0.191 loading class java/util/regex/ASCII
Event: 0.191 loading class java/util/regex/ASCII done
Event: 0.192 loading class java/util/regex/Pattern$GroupTail
Event: 0.192 loading class java/util/regex/Pattern$GroupTail done
Event: 0.192 loading class java/util/regex/Pattern$Ques
Event: 0.192 loading class java/util/regex/Pattern$Ques done
Event: 0.194 loading class java/util/regex/Pattern$Curly
Event: 0.194 loading class java/util/regex/Pattern$Curly done
Event: 0.194 loading class java/util/regex/Pattern$BranchConn
Event: 0.194 loading class java/util/regex/Pattern$BranchConn done
Event: 0.194 loading class java/util/regex/Pattern$Branch
Event: 0.194 loading class java/util/regex/Pattern$Branch done
Event: 0.195 loading class java/util/regex/Pattern$GroupCurly
Event: 0.195 loading class java/util/regex/Pattern$GroupCurly done
Event: 1.034 Executing VM operation: HandshakeAllThreads
Event: 1.034 Executing VM operation: HandshakeAllThreads done
Event: 4.286 loading class java/util/regex/Pattern$1
Event: 4.286 loading class java/util/regex/Pattern$1 done


Dynamic libraries:
0x00007ffdffc27000 	/Library/Apple/usr/libexec/oah/runtime
0x00007fff2a5b6000 	/usr/lib/libz.1.dylib
0x000000010d060000 	/Applications/Eclipse.app/Contents/Eclipse/plugins/org.eclipse.justj.openjdk.hotspot.jre.full.macosx.x86_64_15.0.2.v20210201-0955/jre/lib/libjli.dylib
0x00007fff35268000 	/System/Library/Frameworks/Cocoa.framework/Versions/A/Cocoa
0x00007fff22110000 	/System/Library/Frameworks/Security.framework/Versions/A/Security
0x00007fff33465000 	/System/Library/Frameworks/ApplicationServices.framework/Versions/A/ApplicationServices
0x00007fff2a682000 	/usr/lib/libSystem.B.dylib
0x00007fff2a67c000 	/usr/lib/system/libcache.dylib
0x00007fff2a638000 	/usr/lib/system/libcommonCrypto.dylib
0x00007fff2a662000 	/usr/lib/system/libcompiler_rt.dylib
0x00007fff2a657000 	/usr/lib/system/libcopyfile.dylib
0x00007fff200ae000 	/usr/lib/system/libcorecrypto.dylib
0x00007fff2017b000 	/usr/lib/system/libdispatch.dylib
0x00007fff20330000 	/usr/lib/system/libdyld.dylib
0x00007fff2a673000 	/usr/lib/system/libkeymgr.dylib
0x00007fff2dc17000 	/usr/lib/system/liblaunch.dylib
0x00007fff2a616000 	/usr/lib/system/libmacho.dylib
0x00007fff29e2b000 	/usr/lib/system/libquarantine.dylib
0x00007fff2a670000 	/usr/lib/system/libremovefile.dylib
0x00007fff24aa7000 	/usr/lib/system/libsystem_asl.dylib
0x00007fff2005e000 	/usr/lib/system/libsystem_blocks.dylib
0x00007fff201fd000 	/usr/lib/system/libsystem_c.dylib
0x00007fff2a66a000 	/usr/lib/system/libsystem_collections.dylib
0x00007fff29218000 	/usr/lib/system/libsystem_configuration.dylib
0x00007fff28507000 	/usr/lib/system/libsystem_containermanager.dylib
0x00007fff2a3ae000 	/usr/lib/system/libsystem_coreservices.dylib
0x00007fff226c4000 	/usr/lib/system/libsystem_darwin.dylib
0x00007fff2a674000 	/usr/lib/system/libsystem_dnssd.dylib
0x00007fff201fa000 	/usr/lib/system/libsystem_featureflags.dylib
0x00007fff20375000 	/usr/lib/system/libsystem_info.dylib
0x00007fff2a5c9000 	/usr/lib/system/libsystem_m.dylib
0x00007fff2014e000 	/usr/lib/system/libsystem_malloc.dylib
0x00007fff24a3b000 	/usr/lib/system/libsystem_networkextension.dylib
0x00007fff22adf000 	/usr/lib/system/libsystem_notify.dylib
0x00007fff300cb000 	/usr/lib/system/libsystem_product_info_filter.dylib
0x00007fff2921c000 	/usr/lib/system/libsystem_sandbox.dylib
0x00007fff2a66d000 	/usr/lib/system/libsystem_secinit.dylib
0x00007fff202f5000 	/usr/lib/system/libsystem_kernel.dylib
0x00007fff2036b000 	/usr/lib/system/libsystem_platform.dylib
0x00007fff20324000 	/usr/lib/system/libsystem_pthread.dylib
0x00007fff261d5000 	/usr/lib/system/libsystem_symptoms.dylib
0x00007fff20096000 	/usr/lib/system/libsystem_trace.dylib
0x00007fff2a644000 	/usr/lib/system/libunwind.dylib
0x00007fff20060000 	/usr/lib/system/libxpc.dylib
0x00007fff202dc000 	/usr/lib/libc++abi.dylib
0x00007fff201c0000 	/usr/lib/libobjc.A.dylib
0x00007fff2a64f000 	/usr/lib/liboah.dylib
0x00007fff20286000 	/usr/lib/libc++.1.dylib
0x00007fff203a1000 	/System/Library/Frameworks/CoreFoundation.framework/Versions/A/CoreFoundation
0x00007fff21083000 	/System/Library/Frameworks/Foundation.framework/Versions/C/Foundation
0x00007fff22b37000 	/System/Library/Frameworks/AppKit.framework/Versions/C/AppKit
0x00007fff259f5000 	/System/Library/Frameworks/CoreData.framework/Versions/A/CoreData
0x00007fff2389a000 	/System/Library/PrivateFrameworks/UIFoundation.framework/Versions/A/UIFoundation
0x00007fff2fe44000 	/System/Library/PrivateFrameworks/RemoteViewServices.framework/Versions/A/RemoteViewServices
0x00007fff28bd1000 	/System/Library/PrivateFrameworks/XCTTargetBootstrap.framework/Versions/A/XCTTargetBootstrap
0x00007fff2b920000 	/usr/lib/libspindump.dylib
0x00007fff23aef000 	/System/Library/Frameworks/UniformTypeIdentifiers.framework/Versions/A/UniformTypeIdentifiers
0x00007fff273a7000 	/usr/lib/libapp_launch_measurement.dylib
0x00007fff273aa000 	/System/Library/PrivateFrameworks/CoreAutoLayout.framework/Versions/A/CoreAutoLayout
0x00007fff28533000 	/System/Library/Frameworks/Metal.framework/Versions/A/Metal
0x00007fff29227000 	/usr/lib/liblangid.dylib
0x00007fff28bd5000 	/System/Library/PrivateFrameworks/CoreSVG.framework/Versions/A/CoreSVG
0x00007fff24ad6000 	/System/Library/PrivateFrameworks/SkyLight.framework/Versions/A/SkyLight
0x00007fff24e3d000 	/System/Library/Frameworks/CoreGraphics.framework/Versions/A/CoreGraphics
0x00007fff3049b000 	/System/Library/Frameworks/Accelerate.framework/Versions/A/Accelerate
0x00007fff2b35b000 	/System/Library/PrivateFrameworks/IconServices.framework/Versions/A/IconServices
0x00007fff28518000 	/System/Library/Frameworks/IOSurface.framework/Versions/A/IOSurface
0x00007fff26387000 	/usr/lib/libDiagnosticMessagesClient.dylib
0x00007fff28bbd000 	/System/Library/PrivateFrameworks/DFRFoundation.framework/Versions/A/DFRFoundation
0x00007fff22462000 	/usr/lib/libicucore.A.dylib
0x00007fff2ce65000 	/System/Library/Frameworks/AudioToolbox.framework/Versions/A/AudioToolbox
0x00007fff2c10a000 	/System/Library/PrivateFrameworks/DataDetectorsCore.framework/Versions/A/DataDetectorsCore
0x00007fff288bd000 	/System/Library/Frameworks/Carbon.framework/Versions/A/Frameworks/HIToolbox.framework/Versions/A/HIToolbox
0x00007fff26e02000 	/System/Library/Frameworks/QuartzCore.framework/Versions/A/QuartzCore
0x00007fff2fe80000 	/System/Library/Frameworks/Carbon.framework/Versions/A/Frameworks/SpeechRecognition.framework/Versions/A/SpeechRecognition
0x00007fff2710f000 	/System/Library/PrivateFrameworks/CoreUI.framework/Versions/A/CoreUI
0x00007fff21a6b000 	/System/Library/Frameworks/CoreAudio.framework/Versions/A/CoreAudio
0x00007fff26472000 	/System/Library/Frameworks/DiskArbitration.framework/Versions/A/DiskArbitration
0x00007fff2bd1a000 	/System/Library/PrivateFrameworks/MultitouchSupport.framework/Versions/A/MultitouchSupport
0x00007fff2c101000 	/System/Library/PrivateFrameworks/InternationalSupport.framework/Versions/A/InternationalSupport
0x00007fff24a4a000 	/usr/lib/libenergytrace.dylib
0x00007fff22a30000 	/System/Library/Frameworks/IOKit.framework/Versions/A/IOKit
0x00007fff301cd000 	/System/Library/Frameworks/CoreServices.framework/Versions/A/CoreServices
0x00007fff2733d000 	/System/Library/PrivateFrameworks/PerformanceAnalysis.framework/Versions/A/PerformanceAnalysis
0x00007fff6cb43000 	/System/Library/Frameworks/OpenGL.framework/Versions/A/OpenGL
0x00007fff2c186000 	/System/Library/PrivateFrameworks/UserActivity.framework/Versions/A/UserActivity
0x00007fff254f7000 	/System/Library/Frameworks/ColorSync.framework/Versions/A/ColorSync
0x00007fff28e3e000 	/System/Library/Frameworks/CoreImage.framework/Versions/A/CoreImage
0x00007fff21882000 	/System/Library/Frameworks/CoreText.framework/Versions/A/CoreText
0x00007fff28bff000 	/System/Library/Frameworks/ImageIO.framework/Versions/A/ImageIO
0x00007fff2a688000 	/System/Library/PrivateFrameworks/SoftLinking.framework/Versions/A/SoftLinking
0x00007fff273f3000 	/usr/lib/libxml2.2.dylib
0x00007fff2a8fa000 	/usr/lib/libcompression.dylib
0x00007fff24a4b000 	/usr/lib/libMobileGestalt.dylib
0x00007fff2c034000 	/System/Library/PrivateFrameworks/TextureIO.framework/Versions/A/TextureIO
0x00007fff2afe8000 	/usr/lib/libate.dylib
0x00007fff2ad13000 	/usr/lib/liblzma.5.dylib
0x00007fff20d97000 	/System/Library/Frameworks/SystemConfiguration.framework/Versions/A/SystemConfiguration
0x00007fff2a684000 	/usr/lib/libfakelink.dylib
0x00007fff2459d000 	/System/Library/Frameworks/CFNetwork.framework/Versions/A/CFNetwork
0x00007fff2a7c4000 	/usr/lib/libarchive.2.dylib
0x00007fff20e15000 	/usr/lib/libCRFSuite.dylib
0x00007fff29e52000 	/usr/lib/libbsm.0.dylib
0x00007fff23f59000 	/usr/lib/libnetwork.dylib
0x00007fff2a689000 	/usr/lib/libpcap.A.dylib
0x00007fff261ce000 	/usr/lib/libdns_services.dylib
0x00007fff2ad2c000 	/usr/lib/libcoretls_cfhelpers.dylib
0x00007fff2a8c8000 	/usr/lib/libapple_nghttp2.dylib
0x00007fff2a61c000 	/usr/lib/system/libkxld.dylib
0x00007fff25e3c000 	/usr/lib/libsqlite3.dylib
0x00007fff2a390000 	/System/Library/PrivateFrameworks/AppleFSCompression.framework/Versions/A/AppleFSCompression
0x00007fff29e3a000 	/usr/lib/libcoretls.dylib
0x00007fff2a8f5000 	/usr/lib/libpam.2.dylib
0x00007fff2ae29000 	/usr/lib/libxar.1.dylib
0x00007fff29223000 	/System/Library/PrivateFrameworks/AppleSystemInfo.framework/Versions/A/AppleSystemInfo
0x00007fff29a7d000 	/System/Library/PrivateFrameworks/IOMobileFramebuffer.framework/Versions/A/IOMobileFramebuffer
0x00007fff2a3a0000 	/usr/lib/libbz2.1.0.dylib
0x00007fff2a6c1000 	/usr/lib/libiconv.2.dylib
0x00007fff2a615000 	/usr/lib/libcharset.1.dylib
0x00007fff27379000 	/System/Library/Frameworks/CoreServices.framework/Versions/A/Frameworks/FSEvents.framework/Versions/A/FSEvents
0x00007fff226ce000 	/System/Library/Frameworks/CoreServices.framework/Versions/A/Frameworks/CarbonCore.framework/Versions/A/CarbonCore
0x00007fff263d7000 	/System/Library/Frameworks/CoreServices.framework/Versions/A/Frameworks/Metadata.framework/Versions/A/Metadata
0x00007fff2a3b3000 	/System/Library/Frameworks/CoreServices.framework/Versions/A/Frameworks/OSServices.framework/Versions/A/OSServices
0x00007fff2a836000 	/System/Library/Frameworks/CoreServices.framework/Versions/A/Frameworks/SearchKit.framework/Versions/A/SearchKit
0x00007fff26158000 	/System/Library/Frameworks/CoreServices.framework/Versions/A/Frameworks/AE.framework/Versions/A/AE
0x00007fff2083d000 	/System/Library/Frameworks/CoreServices.framework/Versions/A/Frameworks/LaunchServices.framework/Versions/A/LaunchServices
0x00007fff2acc4000 	/System/Library/Frameworks/CoreServices.framework/Versions/A/Frameworks/DictionaryServices.framework/Versions/A/DictionaryServices
0x00007fff27382000 	/System/Library/Frameworks/CoreServices.framework/Versions/A/Frameworks/SharedFileList.framework/Versions/A/SharedFileList
0x00007fff29e2e000 	/usr/lib/libCheckFix.dylib
0x00007fff24abe000 	/System/Library/PrivateFrameworks/TCC.framework/Versions/A/TCC
0x00007fff29229000 	/System/Library/PrivateFrameworks/CoreNLP.framework/Versions/A/CoreNLP
0x00007fff2638a000 	/System/Library/PrivateFrameworks/MetadataUtilities.framework/Versions/A/MetadataUtilities
0x00007fff20e4b000 	/usr/lib/libmecabra.dylib
0x00007fff2a142000 	/System/Library/Frameworks/MLCompute.framework/Versions/A/MLCompute
0x00007fff29e63000 	/usr/lib/libmecab.dylib
0x00007fff29ead000 	/usr/lib/libgermantok.dylib
0x00007fff2a89e000 	/usr/lib/libThaiTokenizer.dylib
0x00007fff2ae64000 	/usr/lib/libChineseTokenizer.dylib
0x00007fff2a8f3000 	/System/Library/Frameworks/MetalPerformanceShaders.framework/Versions/A/MetalPerformanceShaders
0x00007fff26479000 	/System/Library/Frameworks/Accelerate.framework/Versions/A/Frameworks/vImage.framework/Versions/A/vImage
0x00007fff301a6000 	/System/Library/Frameworks/Accelerate.framework/Versions/A/Frameworks/vecLib.framework/Versions/A/vecLib
0x00007fff2ae6f000 	/System/Library/Frameworks/Accelerate.framework/Versions/A/Frameworks/vecLib.framework/Versions/A/libvMisc.dylib
0x00007fff298d9000 	/System/Library/Frameworks/Accelerate.framework/Versions/A/Frameworks/vecLib.framework/Versions/A/libvDSP.dylib
0x00007fff20b41000 	/System/Library/Frameworks/Accelerate.framework/Versions/A/Frameworks/vecLib.framework/Versions/A/libBLAS.dylib
0x00007fff2a919000 	/System/Library/Frameworks/Accelerate.framework/Versions/A/Frameworks/vecLib.framework/Versions/A/libLAPACK.dylib
0x00007fff29eb3000 	/System/Library/Frameworks/Accelerate.framework/Versions/A/Frameworks/vecLib.framework/Versions/A/libLinearAlgebra.dylib
0x00007fff2a8e0000 	/System/Library/Frameworks/Accelerate.framework/Versions/A/Frameworks/vecLib.framework/Versions/A/libSparseBLAS.dylib
0x00007fff2a913000 	/System/Library/Frameworks/Accelerate.framework/Versions/A/Frameworks/vecLib.framework/Versions/A/libQuadrature.dylib
0x00007fff292d1000 	/System/Library/Frameworks/Accelerate.framework/Versions/A/Frameworks/vecLib.framework/Versions/A/libBNNS.dylib
0x00007fff20d28000 	/System/Library/Frameworks/Accelerate.framework/Versions/A/Frameworks/vecLib.framework/Versions/A/libSparse.dylib
0x00007fff291bc000 	/System/Library/Frameworks/MetalPerformanceShaders.framework/Versions/A/Frameworks/MPSCore.framework/Versions/A/MPSCore
0x00007fff2a2ff000 	/System/Library/Frameworks/MetalPerformanceShaders.framework/Versions/A/Frameworks/MPSImage.framework/Versions/A/MPSImage
0x00007fff29eca000 	/System/Library/Frameworks/MetalPerformanceShaders.framework/Versions/A/Frameworks/MPSNeuralNetwork.framework/Versions/A/MPSNeuralNetwork
0x00007fff2a28a000 	/System/Library/Frameworks/MetalPerformanceShaders.framework/Versions/A/Frameworks/MPSMatrix.framework/Versions/A/MPSMatrix
0x00007fff2a0f2000 	/System/Library/Frameworks/MetalPerformanceShaders.framework/Versions/A/Frameworks/MPSRayIntersector.framework/Versions/A/MPSRayIntersector
0x00007fff2a2c1000 	/System/Library/Frameworks/MetalPerformanceShaders.framework/Versions/A/Frameworks/MPSNDArray.framework/Versions/A/MPSNDArray
0x00007fff20a6d000 	/System/Library/PrivateFrameworks/MetalTools.framework/Versions/A/MetalTools
0x00007fff29221000 	/System/Library/PrivateFrameworks/AggregateDictionary.framework/Versions/A/AggregateDictionary
0x00007fff26362000 	/System/Library/PrivateFrameworks/CoreAnalytics.framework/Versions/A/CoreAnalytics
0x00007fff2a8a0000 	/System/Library/PrivateFrameworks/AppleSauce.framework/Versions/A/AppleSauce
0x00007fff2852a000 	/System/Library/PrivateFrameworks/IOAccelerator.framework/Versions/A/IOAccelerator
0x00007fff6cb37000 	/System/Library/Frameworks/OpenGL.framework/Versions/A/Libraries/libCoreFSCache.dylib
0x00007fff213e7000 	/System/Library/PrivateFrameworks/LanguageModeling.framework/Versions/A/LanguageModeling
0x00007fff29a6a000 	/System/Library/PrivateFrameworks/CoreEmoji.framework/Versions/A/CoreEmoji
0x00007fff292ca000 	/System/Library/PrivateFrameworks/LinguisticData.framework/Versions/A/LinguisticData
0x00007fff20cda000 	/System/Library/PrivateFrameworks/Lexicon.framework/Versions/A/Lexicon
0x00007fff2a7b2000 	/usr/lib/libcmph.dylib
0x00007fff27359000 	/System/Library/Frameworks/OpenDirectory.framework/Versions/A/Frameworks/CFOpenDirectory.framework/Versions/A/CFOpenDirectory
0x00007fff27349000 	/System/Library/Frameworks/OpenDirectory.framework/Versions/A/OpenDirectory
0x00007fff2ad2e000 	/System/Library/PrivateFrameworks/APFS.framework/Versions/A/APFS
0x00007fff29d8f000 	/System/Library/Frameworks/SecurityFoundation.framework/Versions/A/SecurityFoundation
0x00007fff2ae37000 	/usr/lib/libutil.dylib
0x00007fff229f5000 	/System/Library/PrivateFrameworks/CoreServicesStore.framework/Versions/A/CoreServicesStore
0x00007fff29e26000 	/System/Library/Frameworks/ServiceManagement.framework/Versions/A/ServiceManagement
0x00007fff2ae3b000 	/usr/lib/libxslt.1.dylib
0x00007fff29e1c000 	/System/Library/PrivateFrameworks/BackgroundTaskManagement.framework/Versions/A/BackgroundTaskManagement
0x00007fff2bf7f000 	/System/Library/Frameworks/ImageIO.framework/Versions/A/Resources/libRadiance.dylib
0x00007fff2bf88000 	/System/Library/Frameworks/ImageIO.framework/Versions/A/Resources/libJPEG.dylib
0x00007fff2bed4000 	/System/Library/Frameworks/ImageIO.framework/Versions/A/Resources/libPng.dylib
0x00007fff2befb000 	/System/Library/Frameworks/ImageIO.framework/Versions/A/Resources/libTIFF.dylib
0x00007fff2bfdd000 	/System/Library/Frameworks/ImageIO.framework/Versions/A/Resources/libGIF.dylib
0x00007fff2bc38000 	/System/Library/Frameworks/ImageIO.framework/Versions/A/Resources/libJP2.dylib
0x00007fff2b322000 	/usr/lib/libexpat.1.dylib
0x00007fff2bbed000 	/System/Library/PrivateFrameworks/AppleJPEG.framework/Versions/A/AppleJPEG
0x00007fff28760000 	/System/Library/PrivateFrameworks/FontServices.framework/libFontParser.dylib
0x00007fff2610c000 	/System/Library/PrivateFrameworks/RunningBoardServices.framework/Versions/A/RunningBoardServices
0x00007fff2bd16000 	/System/Library/PrivateFrameworks/WatchdogClient.framework/Versions/A/WatchdogClient
0x00007fff214d4000 	/System/Library/Frameworks/CoreDisplay.framework/Versions/A/CoreDisplay
0x00007fff28676000 	/System/Library/Frameworks/CoreMedia.framework/Versions/A/CoreMedia
0x00007fff274d6000 	/System/Library/Frameworks/CoreVideo.framework/Versions/A/CoreVideo
0x00007fff2bd4e000 	/System/Library/Frameworks/VideoToolbox.framework/Versions/A/VideoToolbox
0x00007fff2608a000 	/System/Library/PrivateFrameworks/BaseBoard.framework/Versions/A/BaseBoard
0x00007fff2b467000 	/System/Library/PrivateFrameworks/PersistentConnection.framework/Versions/A/PersistentConnection
0x00007fff25e25000 	/System/Library/PrivateFrameworks/ProtocolBuffer.framework/Versions/A/ProtocolBuffer
0x00007fff26071000 	/System/Library/PrivateFrameworks/CommonUtilities.framework/Versions/A/CommonUtilities
0x00007fff2bb82000 	/System/Library/PrivateFrameworks/Bom.framework/Versions/A/Bom
0x00007fff2bf78000 	/System/Library/PrivateFrameworks/GPUWrangler.framework/Versions/A/GPUWrangler
0x00007fff2bf5b000 	/System/Library/PrivateFrameworks/IOPresentment.framework/Versions/A/IOPresentment
0x00007fff2bf82000 	/System/Library/PrivateFrameworks/DSExternalDisplay.framework/Versions/A/DSExternalDisplay
0x00007fff2bfe2000 	/System/Library/PrivateFrameworks/CMCaptureCore.framework/Versions/A/CMCaptureCore
0x00007fff2b907000 	/System/Library/PrivateFrameworks/AppServerSupport.framework/Versions/A/AppServerSupport
0x00007fff2d9b6000 	/System/Library/PrivateFrameworks/perfdata.framework/Versions/A/perfdata
0x00007fff29d7e000 	/System/Library/PrivateFrameworks/AssertionServices.framework/Versions/A/AssertionServices
0x00007fff2160b000 	/System/Library/PrivateFrameworks/AudioToolboxCore.framework/Versions/A/AudioToolboxCore
0x00007fff28659000 	/System/Library/PrivateFrameworks/caulk.framework/Versions/A/caulk
0x00007fff3d661000 	/System/Library/PrivateFrameworks/SystemPolicy.framework/Versions/A/SystemPolicy
0x00007fff2b117000 	/usr/lib/libIOReport.dylib
0x00007fff2d1d8000 	/usr/lib/libSMC.dylib
0x00007fff2bea1000 	/usr/lib/libAudioToolboxUtility.dylib
0x00007fff3dfcb000 	/usr/lib/libmis.dylib
0x00007fff6cb93000 	/System/Library/Frameworks/OpenGL.framework/Versions/A/Libraries/libGLU.dylib
0x00007fff6cb56000 	/System/Library/Frameworks/OpenGL.framework/Versions/A/Libraries/libGFXShared.dylib
0x00007fff6cd65000 	/System/Library/Frameworks/OpenGL.framework/Versions/A/Libraries/libGL.dylib
0x00007fff6cb5f000 	/System/Library/Frameworks/OpenGL.framework/Versions/A/Libraries/libGLImage.dylib
0x00007fff6cb53000 	/System/Library/Frameworks/OpenGL.framework/Versions/A/Libraries/libCVMSPluginSupport.dylib
0x00007fff6cb3e000 	/System/Library/Frameworks/OpenGL.framework/Versions/A/Libraries/libCoreVMClient.dylib
0x00007fff6e1a6000 	/System/Library/Frameworks/OpenCL.framework/Versions/A/OpenCL
0x00007fff2b491000 	/System/Library/PrivateFrameworks/GraphVisualizer.framework/Versions/A/GraphVisualizer
0x00007fff2b4a0000 	/System/Library/PrivateFrameworks/FaceCore.framework/Versions/A/FaceCore
0x00007fff2b8bc000 	/System/Library/PrivateFrameworks/OTSVG.framework/Versions/A/OTSVG
0x00007fff270cd000 	/System/Library/Frameworks/ApplicationServices.framework/Versions/A/Frameworks/ATS.framework/Versions/A/Resources/libFontRegistry.dylib
0x00007fff2b90e000 	/System/Library/PrivateFrameworks/FontServices.framework/libhvf.dylib
0x00007fff2b2ce000 	/System/Library/PrivateFrameworks/AppleVA.framework/Versions/A/AppleVA
0x00007fff2d021000 	/System/Library/Frameworks/ApplicationServices.framework/Versions/A/Frameworks/ATS.framework/Versions/A/ATS
0x00007fff2d333000 	/System/Library/Frameworks/ApplicationServices.framework/Versions/A/Frameworks/ColorSyncLegacy.framework/Versions/A/ColorSyncLegacy
0x00007fff255ee000 	/System/Library/Frameworks/ApplicationServices.framework/Versions/A/Frameworks/HIServices.framework/Versions/A/HIServices
0x00007fff2d318000 	/System/Library/Frameworks/ApplicationServices.framework/Versions/A/Frameworks/LangAnalysis.framework/Versions/A/LangAnalysis
0x00007fff2bfec000 	/System/Library/Frameworks/ApplicationServices.framework/Versions/A/Frameworks/PrintCore.framework/Versions/A/PrintCore
0x00007fff2d33b000 	/System/Library/Frameworks/ApplicationServices.framework/Versions/A/Frameworks/QD.framework/Versions/A/QD
0x00007fff2d011000 	/System/Library/Frameworks/ApplicationServices.framework/Versions/A/Frameworks/SpeechSynthesis.framework/Versions/A/SpeechSynthesis
0x00007fff2bfad000 	/System/Library/Frameworks/ApplicationServices.framework/Versions/A/Frameworks/ATSUI.framework/Versions/A/ATSUI
0x00007fff2d2b8000 	/usr/lib/libcups.2.dylib
0x00007fff2d328000 	/System/Library/PrivateFrameworks/NetAuth.framework/Versions/A/NetAuth
0x00007fff2d9d2000 	/System/Library/Frameworks/Kerberos.framework/Versions/A/Kerberos
0x00007fff2d9e2000 	/System/Library/Frameworks/GSS.framework/Versions/A/GSS
0x00007fff2d08d000 	/usr/lib/libresolv.9.dylib
0x00007fff2b923000 	/System/Library/PrivateFrameworks/Heimdal.framework/Versions/A/Heimdal
0x00007fff33766000 	/System/Library/Frameworks/Kerberos.framework/Versions/A/Libraries/libHeimdalProxy.dylib
0x00007fff261dd000 	/System/Library/Frameworks/Network.framework/Versions/A/Network
0x00007fff2b33c000 	/usr/lib/libheimdal-asn1.dylib
0x00007fff2da32000 	/System/Library/PrivateFrameworks/CommonAuth.framework/Versions/A/CommonAuth
0x00007fff27523000 	/System/Library/PrivateFrameworks/login.framework/Versions/A/Frameworks/loginsupport.framework/Versions/A/loginsupport
0x00007fff2cf96000 	/System/Library/PrivateFrameworks/AudioSession.framework/Versions/A/AudioSession
0x00007fff2cffe000 	/usr/lib/libAudioStatistics.dylib
0x00007fff2b3c9000 	/System/Library/PrivateFrameworks/MediaExperience.framework/Versions/A/MediaExperience
0x00007fff2ce33000 	/System/Library/PrivateFrameworks/AudioSession.framework/libSessionUtility.dylib
0x00007fff2d9c3000 	/usr/lib/libperfcheck.dylib
0x00007fff2d347000 	/System/Library/PrivateFrameworks/AudioResourceArbitration.framework/Versions/A/AudioResourceArbitration
0x00007fff2b346000 	/System/Library/PrivateFrameworks/IconFoundation.framework/Versions/A/IconFoundation
0x00007fff2fe70000 	/System/Library/PrivateFrameworks/SpeechRecognitionCore.framework/Versions/A/SpeechRecognitionCore
0x00007fff5df6d000 	/System/Library/CoreServices/Encodings/libKoreanConverter.dylib
0x0000000111800000 	/Applications/Eclipse.app/Contents/Eclipse/plugins/org.eclipse.justj.openjdk.hotspot.jre.full.macosx.x86_64_15.0.2.v20210201-0955/jre/lib/server/libjvm.dylib
0x000000010d0ec000 	/Applications/Eclipse.app/Contents/Eclipse/plugins/org.eclipse.justj.openjdk.hotspot.jre.full.macosx.x86_64_15.0.2.v20210201-0955/jre/lib/libjimage.dylib
0x000000010d14e000 	/Applications/Eclipse.app/Contents/Eclipse/plugins/org.eclipse.justj.openjdk.hotspot.jre.full.macosx.x86_64_15.0.2.v20210201-0955/jre/lib/libjava.dylib
0x000000010d46d000 	/Applications/Eclipse.app/Contents/Eclipse/plugins/org.eclipse.justj.openjdk.hotspot.jre.full.macosx.x86_64_15.0.2.v20210201-0955/jre/lib/libzip.dylib
0x000000010d5bc000 	/Applications/Eclipse.app/Contents/Eclipse/plugins/org.eclipse.justj.openjdk.hotspot.jre.full.macosx.x86_64_15.0.2.v20210201-0955/jre/lib/libnio.dylib
0x000000010d5ea000 	/Applications/Eclipse.app/Contents/Eclipse/plugins/org.eclipse.justj.openjdk.hotspot.jre.full.macosx.x86_64_15.0.2.v20210201-0955/jre/lib/libnet.dylib


VM Arguments:
jvm_args: -Dfile.encoding=UTF-8 -XX:+ShowCodeDetailsInExceptionMessages 
java_command: week5.Calculator
java_class_path (initial): /Users/jangjinyoung/eclipse-workspace/CP1-05-202102695/bin
Launcher Type: SUN_STANDARD

[Global flags]
     intx CICompilerCount                          = 4                                         {product} {ergonomic}
     uint ConcGCThreads                            = 2                                         {product} {ergonomic}
     uint G1ConcRefinementThreads                  = 8                                         {product} {ergonomic}
   size_t G1HeapRegionSize                         = 2097152                                   {product} {ergonomic}
    uintx GCDrainStackTargetSize                   = 64                                        {product} {ergonomic}
   size_t InitialHeapSize                          = 268435456                                 {product} {ergonomic}
   size_t MarkStackSize                            = 4194304                                   {product} {ergonomic}
   size_t MaxHeapSize                              = 4294967296                                {product} {ergonomic}
   size_t MaxNewSize                               = 2575302656                                {product} {ergonomic}
   size_t MinHeapDeltaBytes                        = 2097152                                   {product} {ergonomic}
   size_t MinHeapSize                              = 8388608                                   {product} {ergonomic}
    uintx NonNMethodCodeHeapSize                   = 5839372                                {pd product} {ergonomic}
    uintx NonProfiledCodeHeapSize                  = 122909434                              {pd product} {ergonomic}
    uintx ProfiledCodeHeapSize                     = 122909434                              {pd product} {ergonomic}
    uintx ReservedCodeCacheSize                    = 251658240                              {pd product} {ergonomic}
     bool SegmentedCodeCache                       = true                                      {product} {ergonomic}
     bool ShowCodeDetailsInExceptionMessages       = true                                   {manageable} {command line}
   size_t SoftMaxHeapSize                          = 4294967296                             {manageable} {ergonomic}
     bool UseCompressedClassPointers               = true                                 {lp64_product} {ergonomic}
     bool UseCompressedOops                        = true                                 {lp64_product} {ergonomic}
     bool UseG1GC                                  = true                                      {product} {ergonomic}
     bool UseNUMA                                  = false                                     {product} {ergonomic}
     bool UseNUMAInterleaving                      = false                                     {product} {ergonomic}

Logging:
Log output configuration:
 #0: stdout all=warning uptime,level,tags
 #1: stderr all=off uptime,level,tags

Environment Variables:
PATH=/usr/bin:/bin:/usr/sbin:/sbin
SHELL=/bin/zsh

Signal Handlers:
SIGSEGV: [libjvm.dylib+0xa01020], sa_mask[0]=11111111111111111111111111111111, sa_flags=SA_ONSTACK|SA_RESTART|SA_SIGINFO
SIGBUS: [libjvm.dylib+0xa01020], sa_mask[0]=11111111111111111111111111111111, sa_flags=SA_RESTART|SA_SIGINFO
SIGFPE: [libjvm.dylib+0xa01020], sa_mask[0]=11111111111111111111111111111111, sa_flags=SA_RESTART|SA_SIGINFO
SIGPIPE: [libjvm.dylib+0x82c500], sa_mask[0]=11111111111111111111111111111111, sa_flags=SA_RESTART|SA_SIGINFO
SIGXFSZ: [libjvm.dylib+0x82c500], sa_mask[0]=11111111111111111111111111111111, sa_flags=SA_RESTART|SA_SIGINFO
SIGILL: [libjvm.dylib+0xa01020], sa_mask[0]=11111111111111111111111111111111, sa_flags=SA_RESTART|SA_SIGINFO
SIGUSR2: [libjvm.dylib+0x82d010], sa_mask[0]=00100000000000000000000000000000, sa_flags=SA_RESTART|SA_SIGINFO
SIGHUP: [libjvm.dylib+0x82b710], sa_mask[0]=11111111111111111111111111111111, sa_flags=SA_RESTART|SA_SIGINFO
SIGINT: [libjvm.dylib+0x82b710], sa_mask[0]=11111111111111111111111111111111, sa_flags=SA_RESTART|SA_SIGINFO
SIGTERM: [libjvm.dylib+0x82b710], sa_mask[0]=11111111111111111111111111111111, sa_flags=SA_RESTART|SA_SIGINFO
SIGQUIT: [libjvm.dylib+0x82b710], sa_mask[0]=11111111111111111111111111111111, sa_flags=SA_RESTART|SA_SIGINFO


---------------  S Y S T E M  ---------------

OS:uname: Darwin 20.3.0 Darwin Kernel Version 20.3.0: Thu Jan 21 00:06:51 PST 2021; root:xnu-7195.81.3~1/RELEASE_ARM64_T8101 x86_64
OS uptime: 3 days 5:26 hours
rlimit (soft/hard): STACK 8176k/65520k , CORE 0k/infinity , NPROC 2666/4000 , NOFILE 10240/infinity , AS infinity/infinity , CPU infinity/infinity , DATA infinity/infinity , FSIZE infinity/infinity , MEMLOCK infinity/infinity , RSS infinity/infinity
load average: 2.45 2.35 2.28

CPU: total 8 (initial active 8) (1 cores per cpu, 1 threads per core) family 6 model 44 stepping 0 microcode 0x0, cmov, cx8, fxsr, mmx, sse, sse2, sse3, ssse3, sse4.1, sse4.2, popcnt, aes, clmul, tsc, tscinvbit, tscinv, clflush

Memory: 4k page, physical 16777216k(58420k free), swap 1048576k(993792k free)

vm_info: OpenJDK 64-Bit Server VM (15.0.2+7-27) for bsd-amd64 JRE (15.0.2+7-27), built on Dec  7 2020 20:01:12 by "mach5one" with clang 4.2.1 Compatible Apple LLVM 10.0.0 (clang-1000.11.45.5)

END.
